{"C:\\Users\\zerog\\Desktop\\Skola\\Webb- och mobilapplikationsutveckling\\k1k2\\invoice-dashboard-main\\mocks\\handlers.ts": {"path":"C:\\Users\\zerog\\Desktop\\Skola\\Webb- och mobilapplikationsutveckling\\k1k2\\invoice-dashboard-main\\mocks\\handlers.ts","all":false,"statementMap":{"0":{"start":{"line":1,"column":0},"end":{"line":1,"column":27}},"1":{"start":{"line":2,"column":0},"end":{"line":2,"column":0}},"2":{"start":{"line":3,"column":0},"end":{"line":3,"column":15}},"3":{"start":{"line":4,"column":0},"end":{"line":4,"column":20}},"4":{"start":{"line":5,"column":0},"end":{"line":5,"column":23}},"5":{"start":{"line":6,"column":0},"end":{"line":6,"column":20}},"6":{"start":{"line":7,"column":0},"end":{"line":7,"column":22}},"7":{"start":{"line":8,"column":0},"end":{"line":8,"column":23}},"8":{"start":{"line":9,"column":0},"end":{"line":9,"column":21}},"9":{"start":{"line":10,"column":0},"end":{"line":10,"column":20}},"10":{"start":{"line":11,"column":0},"end":{"line":11,"column":25}},"11":{"start":{"line":12,"column":0},"end":{"line":12,"column":23}},"12":{"start":{"line":13,"column":0},"end":{"line":13,"column":24}},"13":{"start":{"line":14,"column":0},"end":{"line":14,"column":23}},"14":{"start":{"line":15,"column":0},"end":{"line":15,"column":20}},"15":{"start":{"line":16,"column":0},"end":{"line":16,"column":23}},"16":{"start":{"line":17,"column":0},"end":{"line":17,"column":25}},"17":{"start":{"line":18,"column":0},"end":{"line":18,"column":19}},"18":{"start":{"line":19,"column":0},"end":{"line":19,"column":18}},"19":{"start":{"line":20,"column":0},"end":{"line":20,"column":2}},"20":{"start":{"line":21,"column":0},"end":{"line":21,"column":0}},"21":{"start":{"line":22,"column":0},"end":{"line":22,"column":50}},"22":{"start":{"line":23,"column":0},"end":{"line":23,"column":11}},"23":{"start":{"line":24,"column":0},"end":{"line":24,"column":16}},"24":{"start":{"line":25,"column":0},"end":{"line":25,"column":18}},"25":{"start":{"line":26,"column":0},"end":{"line":26,"column":15}},"26":{"start":{"line":27,"column":0},"end":{"line":27,"column":17}},"27":{"start":{"line":28,"column":0},"end":{"line":28,"column":18}},"28":{"start":{"line":29,"column":0},"end":{"line":29,"column":16}},"29":{"start":{"line":30,"column":0},"end":{"line":30,"column":15}},"30":{"start":{"line":31,"column":0},"end":{"line":31,"column":20}},"31":{"start":{"line":32,"column":0},"end":{"line":32,"column":18}},"32":{"start":{"line":33,"column":0},"end":{"line":33,"column":19}},"33":{"start":{"line":34,"column":0},"end":{"line":34,"column":18}},"34":{"start":{"line":35,"column":0},"end":{"line":35,"column":18}},"35":{"start":{"line":36,"column":0},"end":{"line":36,"column":15}},"36":{"start":{"line":37,"column":0},"end":{"line":37,"column":20}},"37":{"start":{"line":38,"column":0},"end":{"line":38,"column":14}},"38":{"start":{"line":39,"column":0},"end":{"line":39,"column":13}},"39":{"start":{"line":40,"column":0},"end":{"line":40,"column":15}},"40":{"start":{"line":41,"column":0},"end":{"line":41,"column":23}},"41":{"start":{"line":42,"column":0},"end":{"line":42,"column":9}},"42":{"start":{"line":43,"column":0},"end":{"line":43,"column":26}},"43":{"start":{"line":44,"column":0},"end":{"line":44,"column":19}},"44":{"start":{"line":45,"column":0},"end":{"line":45,"column":30}},"45":{"start":{"line":46,"column":0},"end":{"line":46,"column":25}},"46":{"start":{"line":47,"column":0},"end":{"line":47,"column":30}},"47":{"start":{"line":48,"column":0},"end":{"line":48,"column":10}},"48":{"start":{"line":49,"column":0},"end":{"line":49,"column":6}},"49":{"start":{"line":50,"column":0},"end":{"line":50,"column":20}},"50":{"start":{"line":51,"column":0},"end":{"line":51,"column":9}},"51":{"start":{"line":52,"column":0},"end":{"line":52,"column":23}},"52":{"start":{"line":53,"column":0},"end":{"line":53,"column":27}},"53":{"start":{"line":54,"column":0},"end":{"line":54,"column":33}},"54":{"start":{"line":55,"column":0},"end":{"line":55,"column":29}},"55":{"start":{"line":56,"column":0},"end":{"line":56,"column":10}},"56":{"start":{"line":57,"column":0},"end":{"line":57,"column":6}},"57":{"start":{"line":58,"column":0},"end":{"line":58,"column":0}},"58":{"start":{"line":59,"column":0},"end":{"line":59,"column":25}},"59":{"start":{"line":60,"column":0},"end":{"line":60,"column":9}},"60":{"start":{"line":61,"column":0},"end":{"line":61,"column":26}},"61":{"start":{"line":62,"column":0},"end":{"line":62,"column":32}},"62":{"start":{"line":63,"column":0},"end":{"line":63,"column":30}},"63":{"start":{"line":64,"column":0},"end":{"line":64,"column":27}},"64":{"start":{"line":65,"column":0},"end":{"line":65,"column":31}},"65":{"start":{"line":66,"column":0},"end":{"line":66,"column":37}},"66":{"start":{"line":67,"column":0},"end":{"line":67,"column":10}},"67":{"start":{"line":68,"column":0},"end":{"line":68,"column":6}},"68":{"start":{"line":69,"column":0},"end":{"line":69,"column":12}},"69":{"start":{"line":70,"column":0},"end":{"line":70,"column":60}},"70":{"start":{"line":71,"column":0},"end":{"line":71,"column":46}},"71":{"start":{"line":72,"column":0},"end":{"line":72,"column":11}},"72":{"start":{"line":73,"column":0},"end":{"line":73,"column":67}},"73":{"start":{"line":74,"column":0},"end":{"line":74,"column":76}},"74":{"start":{"line":75,"column":0},"end":{"line":75,"column":40}},"75":{"start":{"line":76,"column":0},"end":{"line":76,"column":11}},"76":{"start":{"line":77,"column":0},"end":{"line":77,"column":57}},"77":{"start":{"line":78,"column":0},"end":{"line":78,"column":23}},"78":{"start":{"line":79,"column":0},"end":{"line":79,"column":26}},"79":{"start":{"line":80,"column":0},"end":{"line":80,"column":21}},"80":{"start":{"line":81,"column":0},"end":{"line":81,"column":35}},"81":{"start":{"line":82,"column":0},"end":{"line":82,"column":39}},"82":{"start":{"line":83,"column":0},"end":{"line":83,"column":22}},"83":{"start":{"line":84,"column":0},"end":{"line":84,"column":18}},"84":{"start":{"line":85,"column":0},"end":{"line":85,"column":14}},"85":{"start":{"line":86,"column":0},"end":{"line":86,"column":11}},"86":{"start":{"line":87,"column":0},"end":{"line":87,"column":60}},"87":{"start":{"line":88,"column":0},"end":{"line":88,"column":46}},"88":{"start":{"line":89,"column":0},"end":{"line":89,"column":11}},"89":{"start":{"line":90,"column":0},"end":{"line":90,"column":61}},"90":{"start":{"line":91,"column":0},"end":{"line":91,"column":46}},"91":{"start":{"line":92,"column":0},"end":{"line":92,"column":11}},"92":{"start":{"line":93,"column":0},"end":{"line":93,"column":57}},"93":{"start":{"line":94,"column":0},"end":{"line":94,"column":43}},"94":{"start":{"line":95,"column":0},"end":{"line":95,"column":11}},"95":{"start":{"line":96,"column":0},"end":{"line":96,"column":64}},"96":{"start":{"line":97,"column":0},"end":{"line":97,"column":70}},"97":{"start":{"line":98,"column":0},"end":{"line":98,"column":40}},"98":{"start":{"line":99,"column":0},"end":{"line":99,"column":11}},"99":{"start":{"line":100,"column":0},"end":{"line":100,"column":60}},"100":{"start":{"line":101,"column":0},"end":{"line":101,"column":23}},"101":{"start":{"line":102,"column":0},"end":{"line":102,"column":26}},"102":{"start":{"line":103,"column":0},"end":{"line":103,"column":21}},"103":{"start":{"line":104,"column":0},"end":{"line":104,"column":38}},"104":{"start":{"line":105,"column":0},"end":{"line":105,"column":39}},"105":{"start":{"line":106,"column":0},"end":{"line":106,"column":45}},"106":{"start":{"line":107,"column":0},"end":{"line":107,"column":39}},"107":{"start":{"line":108,"column":0},"end":{"line":108,"column":47}},"108":{"start":{"line":109,"column":0},"end":{"line":109,"column":45}},"109":{"start":{"line":110,"column":0},"end":{"line":110,"column":22}},"110":{"start":{"line":111,"column":0},"end":{"line":111,"column":18}},"111":{"start":{"line":112,"column":0},"end":{"line":112,"column":14}},"112":{"start":{"line":113,"column":0},"end":{"line":113,"column":11}},"113":{"start":{"line":114,"column":0},"end":{"line":114,"column":6}},"114":{"start":{"line":115,"column":0},"end":{"line":115,"column":2}}},"s":{"0":1,"1":1,"2":1,"3":1,"4":1,"5":1,"6":1,"7":1,"8":1,"9":1,"10":1,"11":1,"12":1,"13":1,"14":1,"15":1,"16":1,"17":1,"18":1,"19":1,"20":1,"21":1,"22":1,"23":3,"24":3,"25":3,"26":3,"27":3,"28":3,"29":3,"30":3,"31":3,"32":3,"33":3,"34":3,"35":3,"36":3,"37":3,"38":3,"39":3,"40":3,"41":3,"42":3,"43":3,"44":3,"45":3,"46":3,"47":3,"48":3,"49":3,"50":3,"51":3,"52":3,"53":3,"54":3,"55":3,"56":3,"57":3,"58":3,"59":3,"60":3,"61":3,"62":3,"63":3,"64":3,"65":3,"66":3,"67":3,"68":3,"69":3,"70":3,"71":7,"72":3,"73":3,"74":1,"75":1,"76":3,"77":3,"78":7,"79":7,"80":7,"81":7,"82":7,"83":7,"84":7,"85":7,"86":3,"87":3,"88":8,"89":3,"90":3,"91":1,"92":3,"93":3,"94":7,"95":3,"96":3,"97":1,"98":1,"99":3,"100":3,"101":7,"102":7,"103":7,"104":7,"105":7,"106":7,"107":7,"108":7,"109":7,"110":7,"111":7,"112":7,"113":7,"114":7},"branchMap":{"0":{"type":"branch","line":23,"loc":{"start":{"line":23,"column":10},"end":{"line":115,"column":2}},"locations":[{"start":{"line":23,"column":10},"end":{"line":115,"column":2}}]},"1":{"type":"branch","line":71,"loc":{"start":{"line":71,"column":12},"end":{"line":73,"column":13}},"locations":[{"start":{"line":71,"column":12},"end":{"line":73,"column":13}}]},"2":{"type":"branch","line":74,"loc":{"start":{"line":74,"column":12},"end":{"line":77,"column":13}},"locations":[{"start":{"line":74,"column":12},"end":{"line":77,"column":13}}]},"3":{"type":"branch","line":74,"loc":{"start":{"line":74,"column":65},"end":{"line":75,"column":27}},"locations":[{"start":{"line":74,"column":65},"end":{"line":75,"column":27}}]},"4":{"type":"branch","line":78,"loc":{"start":{"line":78,"column":12},"end":{"line":87,"column":13}},"locations":[{"start":{"line":78,"column":12},"end":{"line":87,"column":13}}]},"5":{"type":"branch","line":88,"loc":{"start":{"line":88,"column":12},"end":{"line":90,"column":13}},"locations":[{"start":{"line":88,"column":12},"end":{"line":90,"column":13}}]},"6":{"type":"branch","line":91,"loc":{"start":{"line":91,"column":12},"end":{"line":93,"column":13}},"locations":[{"start":{"line":91,"column":12},"end":{"line":93,"column":13}}]},"7":{"type":"branch","line":94,"loc":{"start":{"line":94,"column":12},"end":{"line":96,"column":13}},"locations":[{"start":{"line":94,"column":12},"end":{"line":96,"column":13}}]},"8":{"type":"branch","line":97,"loc":{"start":{"line":97,"column":12},"end":{"line":100,"column":13}},"locations":[{"start":{"line":97,"column":12},"end":{"line":100,"column":13}}]},"9":{"type":"branch","line":97,"loc":{"start":{"line":97,"column":59},"end":{"line":98,"column":27}},"locations":[{"start":{"line":97,"column":59},"end":{"line":98,"column":27}}]},"10":{"type":"branch","line":101,"loc":{"start":{"line":101,"column":12},"end":{"line":115,"column":2}},"locations":[{"start":{"line":101,"column":12},"end":{"line":115,"column":2}}]}},"b":{"0":[3],"1":[7],"2":[1],"3":[1],"4":[7],"5":[8],"6":[1],"7":[7],"8":[1],"9":[1],"10":[7]},"fnMap":{"0":{"name":"buildHandlers","decl":{"start":{"line":23,"column":10},"end":{"line":115,"column":2}},"loc":{"start":{"line":23,"column":10},"end":{"line":115,"column":2}},"line":23}},"f":{"0":3}}
,"C:\\Users\\zerog\\Desktop\\Skola\\Webb- och mobilapplikationsutveckling\\k1k2\\invoice-dashboard-main\\src\\api\\index.ts": {"path":"C:\\Users\\zerog\\Desktop\\Skola\\Webb- och mobilapplikationsutveckling\\k1k2\\invoice-dashboard-main\\src\\api\\index.ts","all":false,"statementMap":{"0":{"start":{"line":1,"column":0},"end":{"line":1,"column":26}},"1":{"start":{"line":2,"column":0},"end":{"line":2,"column":61}},"2":{"start":{"line":3,"column":0},"end":{"line":3,"column":75}},"3":{"start":{"line":4,"column":0},"end":{"line":4,"column":0}},"4":{"start":{"line":5,"column":0},"end":{"line":5,"column":48}},"5":{"start":{"line":6,"column":0},"end":{"line":6,"column":39}},"6":{"start":{"line":7,"column":0},"end":{"line":7,"column":70}},"7":{"start":{"line":8,"column":0},"end":{"line":8,"column":41}},"8":{"start":{"line":9,"column":0},"end":{"line":9,"column":27}},"9":{"start":{"line":10,"column":0},"end":{"line":10,"column":5}},"10":{"start":{"line":11,"column":0},"end":{"line":11,"column":39}},"11":{"start":{"line":12,"column":0},"end":{"line":12,"column":12}},"12":{"start":{"line":13,"column":0},"end":{"line":13,"column":22}},"13":{"start":{"line":14,"column":0},"end":{"line":14,"column":55}},"14":{"start":{"line":15,"column":0},"end":{"line":15,"column":33}},"15":{"start":{"line":16,"column":0},"end":{"line":16,"column":10}},"16":{"start":{"line":17,"column":0},"end":{"line":17,"column":31}},"17":{"start":{"line":18,"column":0},"end":{"line":18,"column":64}},"18":{"start":{"line":19,"column":0},"end":{"line":19,"column":33}},"19":{"start":{"line":20,"column":0},"end":{"line":20,"column":10}},"20":{"start":{"line":21,"column":0},"end":{"line":21,"column":35}},"21":{"start":{"line":22,"column":0},"end":{"line":22,"column":60}},"22":{"start":{"line":23,"column":0},"end":{"line":23,"column":33}},"23":{"start":{"line":24,"column":0},"end":{"line":24,"column":10}},"24":{"start":{"line":25,"column":0},"end":{"line":25,"column":48}},"25":{"start":{"line":26,"column":0},"end":{"line":26,"column":67}},"26":{"start":{"line":27,"column":0},"end":{"line":27,"column":34}},"27":{"start":{"line":28,"column":0},"end":{"line":28,"column":15}},"28":{"start":{"line":29,"column":0},"end":{"line":29,"column":33}},"29":{"start":{"line":30,"column":0},"end":{"line":30,"column":10}},"30":{"start":{"line":31,"column":0},"end":{"line":31,"column":34}},"31":{"start":{"line":32,"column":0},"end":{"line":32,"column":64}},"32":{"start":{"line":33,"column":0},"end":{"line":33,"column":43}},"33":{"start":{"line":34,"column":0},"end":{"line":34,"column":10}},"34":{"start":{"line":35,"column":0},"end":{"line":35,"column":6}},"35":{"start":{"line":36,"column":0},"end":{"line":36,"column":2}},"36":{"start":{"line":37,"column":0},"end":{"line":37,"column":13}},"37":{"start":{"line":38,"column":0},"end":{"line":38,"column":43}},"38":{"start":{"line":39,"column":0},"end":{"line":39,"column":52}},"39":{"start":{"line":40,"column":0},"end":{"line":40,"column":43}},"40":{"start":{"line":41,"column":0},"end":{"line":41,"column":52}},"41":{"start":{"line":42,"column":0},"end":{"line":42,"column":52}},"42":{"start":{"line":43,"column":0},"end":{"line":43,"column":2}},"43":{"start":{"line":44,"column":0},"end":{"line":44,"column":19}}},"s":{"0":1,"1":1,"2":1,"3":1,"4":1,"5":1,"6":15,"7":0,"8":0,"9":0,"10":15,"11":15,"12":15,"13":15,"14":36,"15":36,"16":36,"17":15,"18":0,"19":0,"20":15,"21":15,"22":1,"23":1,"24":15,"25":0,"26":0,"27":0,"28":0,"29":0,"30":15,"31":15,"32":2,"33":2,"34":2,"35":2,"36":2,"37":1,"38":1,"39":1,"40":1,"41":1,"42":1,"43":1},"branchMap":{"0":{"type":"branch","line":6,"loc":{"start":{"line":6,"column":9},"end":{"line":38,"column":11}},"locations":[{"start":{"line":6,"column":9},"end":{"line":38,"column":11}}]},"1":{"type":"branch","line":7,"loc":{"start":{"line":7,"column":14},"end":{"line":11,"column":31}},"locations":[{"start":{"line":7,"column":14},"end":{"line":11,"column":31}}]},"2":{"type":"branch","line":14,"loc":{"start":{"line":14,"column":12},"end":{"line":18,"column":18}},"locations":[{"start":{"line":14,"column":12},"end":{"line":18,"column":18}}]},"3":{"type":"branch","line":22,"loc":{"start":{"line":22,"column":12},"end":{"line":25,"column":32}},"locations":[{"start":{"line":22,"column":12},"end":{"line":25,"column":32}}]},"4":{"type":"branch","line":32,"loc":{"start":{"line":32,"column":12},"end":{"line":37,"column":13}},"locations":[{"start":{"line":32,"column":12},"end":{"line":37,"column":13}}]}},"b":{"0":[15],"1":[0],"2":[36],"3":[1],"4":[2]},"fnMap":{"0":{"name":"createApiHandler","decl":{"start":{"line":6,"column":9},"end":{"line":38,"column":11}},"loc":{"start":{"line":6,"column":9},"end":{"line":38,"column":11}},"line":6},"1":{"name":"list","decl":{"start":{"line":14,"column":12},"end":{"line":18,"column":18}},"loc":{"start":{"line":14,"column":12},"end":{"line":18,"column":18}},"line":14},"2":{"name":"get","decl":{"start":{"line":18,"column":12},"end":{"line":21,"column":34}},"loc":{"start":{"line":18,"column":12},"end":{"line":21,"column":34}},"line":18},"3":{"name":"post","decl":{"start":{"line":22,"column":12},"end":{"line":25,"column":32}},"loc":{"start":{"line":22,"column":12},"end":{"line":25,"column":32}},"line":22},"4":{"name":"patch","decl":{"start":{"line":25,"column":47},"end":{"line":31,"column":33}},"loc":{"start":{"line":25,"column":47},"end":{"line":31,"column":33}},"line":25},"5":{"name":"delete","decl":{"start":{"line":32,"column":12},"end":{"line":37,"column":13}},"loc":{"start":{"line":32,"column":12},"end":{"line":37,"column":13}},"line":32}},"f":{"0":15,"1":36,"2":0,"3":1,"4":0,"5":2}}
,"C:\\Users\\zerog\\Desktop\\Skola\\Webb- och mobilapplikationsutveckling\\k1k2\\invoice-dashboard-main\\src\\components\\DashItem.tsx": {"path":"C:\\Users\\zerog\\Desktop\\Skola\\Webb- och mobilapplikationsutveckling\\k1k2\\invoice-dashboard-main\\src\\components\\DashItem.tsx","all":false,"statementMap":{"0":{"start":{"line":1,"column":0},"end":{"line":1,"column":48}},"1":{"start":{"line":2,"column":0},"end":{"line":2,"column":51}},"2":{"start":{"line":3,"column":0},"end":{"line":3,"column":0}},"3":{"start":{"line":4,"column":0},"end":{"line":4,"column":44}},"4":{"start":{"line":5,"column":0},"end":{"line":5,"column":11}},"5":{"start":{"line":6,"column":0},"end":{"line":6,"column":34}},"6":{"start":{"line":7,"column":0},"end":{"line":7,"column":24}},"7":{"start":{"line":8,"column":0},"end":{"line":8,"column":29}},"8":{"start":{"line":9,"column":0},"end":{"line":9,"column":40}},"9":{"start":{"line":10,"column":0},"end":{"line":10,"column":38}},"10":{"start":{"line":11,"column":0},"end":{"line":11,"column":29}},"11":{"start":{"line":12,"column":0},"end":{"line":12,"column":40}},"12":{"start":{"line":13,"column":0},"end":{"line":13,"column":38}},"13":{"start":{"line":14,"column":0},"end":{"line":14,"column":38}},"14":{"start":{"line":15,"column":0},"end":{"line":15,"column":11}},"15":{"start":{"line":16,"column":0},"end":{"line":16,"column":63}},"16":{"start":{"line":17,"column":0},"end":{"line":17,"column":24}},"17":{"start":{"line":18,"column":0},"end":{"line":18,"column":78}},"18":{"start":{"line":19,"column":0},"end":{"line":19,"column":39}},"19":{"start":{"line":20,"column":0},"end":{"line":20,"column":6}},"20":{"start":{"line":21,"column":0},"end":{"line":21,"column":0}},"21":{"start":{"line":22,"column":0},"end":{"line":22,"column":19}},"22":{"start":{"line":23,"column":0},"end":{"line":23,"column":36}},"23":{"start":{"line":24,"column":0},"end":{"line":24,"column":6}},"24":{"start":{"line":25,"column":0},"end":{"line":25,"column":0}},"25":{"start":{"line":26,"column":0},"end":{"line":26,"column":13}},"26":{"start":{"line":27,"column":0},"end":{"line":27,"column":21}},"27":{"start":{"line":28,"column":0},"end":{"line":28,"column":24}},"28":{"start":{"line":29,"column":0},"end":{"line":29,"column":18}},"29":{"start":{"line":30,"column":0},"end":{"line":30,"column":6}},"30":{"start":{"line":31,"column":0},"end":{"line":31,"column":4}},"31":{"start":{"line":32,"column":0},"end":{"line":32,"column":0}},"32":{"start":{"line":33,"column":0},"end":{"line":33,"column":14}},"33":{"start":{"line":34,"column":0},"end":{"line":34,"column":30}},"34":{"start":{"line":35,"column":0},"end":{"line":35,"column":18}},"35":{"start":{"line":36,"column":0},"end":{"line":36,"column":24}},"36":{"start":{"line":37,"column":0},"end":{"line":37,"column":18}},"37":{"start":{"line":38,"column":0},"end":{"line":38,"column":2}},"38":{"start":{"line":39,"column":0},"end":{"line":39,"column":0}},"39":{"start":{"line":40,"column":0},"end":{"line":40,"column":69}},"40":{"start":{"line":41,"column":0},"end":{"line":41,"column":40}},"41":{"start":{"line":42,"column":0},"end":{"line":42,"column":28}},"42":{"start":{"line":43,"column":0},"end":{"line":43,"column":12}},"43":{"start":{"line":44,"column":0},"end":{"line":44,"column":59}},"44":{"start":{"line":45,"column":0},"end":{"line":45,"column":38}},"45":{"start":{"line":46,"column":0},"end":{"line":46,"column":18}},"46":{"start":{"line":47,"column":0},"end":{"line":47,"column":24}},"47":{"start":{"line":48,"column":0},"end":{"line":48,"column":53}},"48":{"start":{"line":49,"column":0},"end":{"line":49,"column":72}},"49":{"start":{"line":50,"column":0},"end":{"line":50,"column":27}},"50":{"start":{"line":51,"column":0},"end":{"line":51,"column":52}},"51":{"start":{"line":52,"column":0},"end":{"line":52,"column":53}},"52":{"start":{"line":53,"column":0},"end":{"line":53,"column":47}},"53":{"start":{"line":54,"column":0},"end":{"line":54,"column":21}},"54":{"start":{"line":55,"column":0},"end":{"line":55,"column":77}},"55":{"start":{"line":56,"column":0},"end":{"line":56,"column":29}},"56":{"start":{"line":57,"column":0},"end":{"line":57,"column":59}},"57":{"start":{"line":58,"column":0},"end":{"line":58,"column":42}},"58":{"start":{"line":59,"column":0},"end":{"line":59,"column":35}},"59":{"start":{"line":60,"column":0},"end":{"line":60,"column":30}},"60":{"start":{"line":61,"column":0},"end":{"line":61,"column":26}},"61":{"start":{"line":62,"column":0},"end":{"line":62,"column":19}},"62":{"start":{"line":63,"column":0},"end":{"line":63,"column":14}},"63":{"start":{"line":64,"column":0},"end":{"line":64,"column":20}},"64":{"start":{"line":65,"column":0},"end":{"line":65,"column":6}},"65":{"start":{"line":66,"column":0},"end":{"line":66,"column":2}},"66":{"start":{"line":67,"column":0},"end":{"line":67,"column":0}},"67":{"start":{"line":68,"column":0},"end":{"line":68,"column":24}}},"s":{"0":1,"1":1,"2":1,"3":1,"4":1,"5":0,"6":0,"7":0,"8":0,"9":0,"10":0,"11":0,"12":0,"13":0,"14":0,"15":0,"16":0,"17":0,"18":0,"19":0,"20":0,"21":0,"22":0,"23":0,"24":0,"25":0,"26":0,"27":0,"28":0,"29":0,"30":0,"31":0,"32":0,"33":0,"34":0,"35":0,"36":0,"37":0,"38":0,"39":1,"40":0,"41":0,"42":0,"43":0,"44":0,"45":0,"46":0,"47":0,"48":0,"49":0,"50":0,"51":0,"52":0,"53":0,"54":0,"55":0,"56":0,"57":0,"58":0,"59":0,"60":0,"61":0,"62":0,"63":0,"64":0,"65":0,"66":0,"67":1},"branchMap":{},"b":{},"fnMap":{"0":{"name":"DashItem","decl":{"start":{"line":40,"column":30},"end":{"line":68,"column":15}},"loc":{"start":{"line":40,"column":30},"end":{"line":68,"column":15}},"line":40}},"f":{"0":0}}
,"C:\\Users\\zerog\\Desktop\\Skola\\Webb- och mobilapplikationsutveckling\\k1k2\\invoice-dashboard-main\\src\\components\\InvoiceList.tsx": {"path":"C:\\Users\\zerog\\Desktop\\Skola\\Webb- och mobilapplikationsutveckling\\k1k2\\invoice-dashboard-main\\src\\components\\InvoiceList.tsx","all":false,"statementMap":{"0":{"start":{"line":1,"column":0},"end":{"line":1,"column":61}},"1":{"start":{"line":2,"column":0},"end":{"line":2,"column":26}},"2":{"start":{"line":3,"column":0},"end":{"line":3,"column":46}},"3":{"start":{"line":4,"column":0},"end":{"line":4,"column":53}},"4":{"start":{"line":5,"column":0},"end":{"line":5,"column":34}},"5":{"start":{"line":6,"column":0},"end":{"line":6,"column":0}},"6":{"start":{"line":7,"column":0},"end":{"line":7,"column":14}},"7":{"start":{"line":8,"column":0},"end":{"line":8,"column":25}},"8":{"start":{"line":9,"column":0},"end":{"line":9,"column":28}},"9":{"start":{"line":10,"column":0},"end":{"line":10,"column":2}},"10":{"start":{"line":11,"column":0},"end":{"line":11,"column":20}},"11":{"start":{"line":12,"column":0},"end":{"line":12,"column":15}},"12":{"start":{"line":13,"column":0},"end":{"line":13,"column":19}},"13":{"start":{"line":14,"column":0},"end":{"line":14,"column":17}},"14":{"start":{"line":15,"column":0},"end":{"line":15,"column":18}},"15":{"start":{"line":16,"column":0},"end":{"line":16,"column":24}},"16":{"start":{"line":17,"column":0},"end":{"line":17,"column":2}},"17":{"start":{"line":18,"column":0},"end":{"line":18,"column":17}},"18":{"start":{"line":19,"column":0},"end":{"line":19,"column":15}},"19":{"start":{"line":20,"column":0},"end":{"line":20,"column":17}},"20":{"start":{"line":21,"column":0},"end":{"line":21,"column":17}},"21":{"start":{"line":22,"column":0},"end":{"line":22,"column":24}},"22":{"start":{"line":23,"column":0},"end":{"line":23,"column":22}},"23":{"start":{"line":24,"column":0},"end":{"line":24,"column":2}},"24":{"start":{"line":25,"column":0},"end":{"line":25,"column":0}},"25":{"start":{"line":26,"column":0},"end":{"line":26,"column":70}},"26":{"start":{"line":27,"column":0},"end":{"line":27,"column":32}},"27":{"start":{"line":28,"column":0},"end":{"line":28,"column":30}},"28":{"start":{"line":29,"column":0},"end":{"line":29,"column":31}},"29":{"start":{"line":30,"column":0},"end":{"line":30,"column":68}},"30":{"start":{"line":31,"column":0},"end":{"line":31,"column":67}},"31":{"start":{"line":32,"column":0},"end":{"line":32,"column":12}},"32":{"start":{"line":33,"column":0},"end":{"line":33,"column":68}},"33":{"start":{"line":34,"column":0},"end":{"line":34,"column":5}},"34":{"start":{"line":35,"column":0},"end":{"line":35,"column":2}},"35":{"start":{"line":36,"column":0},"end":{"line":36,"column":0}},"36":{"start":{"line":37,"column":0},"end":{"line":37,"column":64}},"37":{"start":{"line":38,"column":0},"end":{"line":38,"column":69}},"38":{"start":{"line":39,"column":0},"end":{"line":39,"column":52}},"39":{"start":{"line":40,"column":0},"end":{"line":40,"column":42}},"40":{"start":{"line":41,"column":0},"end":{"line":41,"column":69}},"41":{"start":{"line":42,"column":0},"end":{"line":42,"column":0}},"42":{"start":{"line":43,"column":0},"end":{"line":43,"column":45}},"43":{"start":{"line":44,"column":0},"end":{"line":44,"column":29}},"44":{"start":{"line":45,"column":0},"end":{"line":45,"column":6}},"45":{"start":{"line":46,"column":0},"end":{"line":46,"column":0}},"46":{"start":{"line":47,"column":0},"end":{"line":47,"column":42}},"47":{"start":{"line":48,"column":0},"end":{"line":48,"column":35}},"48":{"start":{"line":49,"column":0},"end":{"line":49,"column":6}},"49":{"start":{"line":50,"column":0},"end":{"line":50,"column":0}},"50":{"start":{"line":51,"column":0},"end":{"line":51,"column":67}},"51":{"start":{"line":52,"column":0},"end":{"line":52,"column":0}},"52":{"start":{"line":53,"column":0},"end":{"line":53,"column":40}},"53":{"start":{"line":54,"column":0},"end":{"line":54,"column":41}},"54":{"start":{"line":55,"column":0},"end":{"line":55,"column":21}},"55":{"start":{"line":56,"column":0},"end":{"line":56,"column":67}},"56":{"start":{"line":57,"column":0},"end":{"line":57,"column":35}},"57":{"start":{"line":58,"column":0},"end":{"line":58,"column":29}},"58":{"start":{"line":59,"column":0},"end":{"line":59,"column":35}},"59":{"start":{"line":60,"column":0},"end":{"line":60,"column":43}},"60":{"start":{"line":61,"column":0},"end":{"line":61,"column":39}},"61":{"start":{"line":62,"column":0},"end":{"line":62,"column":41}},"62":{"start":{"line":63,"column":0},"end":{"line":63,"column":53}},"63":{"start":{"line":64,"column":0},"end":{"line":64,"column":19}},"64":{"start":{"line":65,"column":0},"end":{"line":65,"column":15}},"65":{"start":{"line":66,"column":0},"end":{"line":66,"column":22}},"66":{"start":{"line":67,"column":0},"end":{"line":67,"column":38}},"67":{"start":{"line":68,"column":0},"end":{"line":68,"column":0}},"68":{"start":{"line":69,"column":0},"end":{"line":69,"column":37}},"69":{"start":{"line":70,"column":0},"end":{"line":70,"column":38}},"70":{"start":{"line":71,"column":0},"end":{"line":71,"column":18}},"71":{"start":{"line":72,"column":0},"end":{"line":72,"column":67}},"72":{"start":{"line":73,"column":0},"end":{"line":73,"column":32}},"73":{"start":{"line":74,"column":0},"end":{"line":74,"column":46}},"74":{"start":{"line":75,"column":0},"end":{"line":75,"column":62}},"75":{"start":{"line":76,"column":0},"end":{"line":76,"column":44}},"76":{"start":{"line":77,"column":0},"end":{"line":77,"column":72}},"77":{"start":{"line":78,"column":0},"end":{"line":78,"column":26}},"78":{"start":{"line":79,"column":0},"end":{"line":79,"column":29}},"79":{"start":{"line":80,"column":0},"end":{"line":80,"column":32}},"80":{"start":{"line":81,"column":0},"end":{"line":81,"column":37}},"81":{"start":{"line":82,"column":0},"end":{"line":82,"column":35}},"82":{"start":{"line":83,"column":0},"end":{"line":83,"column":65}},"83":{"start":{"line":84,"column":0},"end":{"line":84,"column":62}},"84":{"start":{"line":85,"column":0},"end":{"line":85,"column":19}},"85":{"start":{"line":86,"column":0},"end":{"line":86,"column":15}},"86":{"start":{"line":87,"column":0},"end":{"line":87,"column":22}},"87":{"start":{"line":88,"column":0},"end":{"line":88,"column":80}},"88":{"start":{"line":89,"column":0},"end":{"line":89,"column":0}},"89":{"start":{"line":90,"column":0},"end":{"line":90,"column":45}},"90":{"start":{"line":91,"column":0},"end":{"line":91,"column":42}},"91":{"start":{"line":92,"column":0},"end":{"line":92,"column":12}},"92":{"start":{"line":93,"column":0},"end":{"line":93,"column":0}},"93":{"start":{"line":94,"column":0},"end":{"line":94,"column":30}},"94":{"start":{"line":95,"column":0},"end":{"line":95,"column":55}},"95":{"start":{"line":96,"column":0},"end":{"line":96,"column":27}},"96":{"start":{"line":97,"column":0},"end":{"line":97,"column":33}},"97":{"start":{"line":98,"column":0},"end":{"line":98,"column":45}},"98":{"start":{"line":99,"column":0},"end":{"line":99,"column":43}},"99":{"start":{"line":100,"column":0},"end":{"line":100,"column":41}},"100":{"start":{"line":101,"column":0},"end":{"line":101,"column":61}},"101":{"start":{"line":102,"column":0},"end":{"line":102,"column":43}},"102":{"start":{"line":103,"column":0},"end":{"line":103,"column":21}},"103":{"start":{"line":104,"column":0},"end":{"line":104,"column":17}},"104":{"start":{"line":105,"column":0},"end":{"line":105,"column":11}},"105":{"start":{"line":106,"column":0},"end":{"line":106,"column":0}},"106":{"start":{"line":107,"column":0},"end":{"line":107,"column":21}},"107":{"start":{"line":108,"column":0},"end":{"line":108,"column":47}},"108":{"start":{"line":109,"column":0},"end":{"line":109,"column":56}},"109":{"start":{"line":110,"column":0},"end":{"line":110,"column":10}},"110":{"start":{"line":111,"column":0},"end":{"line":111,"column":27}},"111":{"start":{"line":112,"column":0},"end":{"line":112,"column":47}},"112":{"start":{"line":113,"column":0},"end":{"line":113,"column":9}},"113":{"start":{"line":114,"column":0},"end":{"line":114,"column":40}},"114":{"start":{"line":115,"column":0},"end":{"line":115,"column":0}},"115":{"start":{"line":116,"column":0},"end":{"line":116,"column":36}},"116":{"start":{"line":117,"column":0},"end":{"line":117,"column":22}},"117":{"start":{"line":118,"column":0},"end":{"line":118,"column":23}},"118":{"start":{"line":119,"column":0},"end":{"line":119,"column":32}},"119":{"start":{"line":120,"column":0},"end":{"line":120,"column":46}},"120":{"start":{"line":121,"column":0},"end":{"line":121,"column":26}},"121":{"start":{"line":122,"column":0},"end":{"line":122,"column":50}},"122":{"start":{"line":123,"column":0},"end":{"line":123,"column":36}},"123":{"start":{"line":124,"column":0},"end":{"line":124,"column":10}},"124":{"start":{"line":125,"column":0},"end":{"line":125,"column":25}},"125":{"start":{"line":126,"column":0},"end":{"line":126,"column":6}},"126":{"start":{"line":127,"column":0},"end":{"line":127,"column":0}},"127":{"start":{"line":128,"column":0},"end":{"line":128,"column":77}},"128":{"start":{"line":129,"column":0},"end":{"line":129,"column":31}},"129":{"start":{"line":130,"column":0},"end":{"line":130,"column":66}},"130":{"start":{"line":131,"column":0},"end":{"line":131,"column":9}},"131":{"start":{"line":132,"column":0},"end":{"line":132,"column":32}},"132":{"start":{"line":133,"column":0},"end":{"line":133,"column":39}},"133":{"start":{"line":134,"column":0},"end":{"line":134,"column":63}},"134":{"start":{"line":135,"column":0},"end":{"line":135,"column":14}},"135":{"start":{"line":136,"column":0},"end":{"line":136,"column":9}},"136":{"start":{"line":137,"column":0},"end":{"line":137,"column":6}},"137":{"start":{"line":138,"column":0},"end":{"line":138,"column":0}},"138":{"start":{"line":139,"column":0},"end":{"line":139,"column":33}},"139":{"start":{"line":140,"column":0},"end":{"line":140,"column":69}},"140":{"start":{"line":141,"column":0},"end":{"line":141,"column":53}},"141":{"start":{"line":142,"column":0},"end":{"line":142,"column":35}},"142":{"start":{"line":143,"column":0},"end":{"line":143,"column":44}},"143":{"start":{"line":144,"column":0},"end":{"line":144,"column":62}},"144":{"start":{"line":145,"column":0},"end":{"line":145,"column":44}},"145":{"start":{"line":146,"column":0},"end":{"line":146,"column":44}},"146":{"start":{"line":147,"column":0},"end":{"line":147,"column":51}},"147":{"start":{"line":148,"column":0},"end":{"line":148,"column":0}},"148":{"start":{"line":149,"column":0},"end":{"line":149,"column":70}},"149":{"start":{"line":150,"column":0},"end":{"line":150,"column":45}},"150":{"start":{"line":151,"column":0},"end":{"line":151,"column":12}},"151":{"start":{"line":152,"column":0},"end":{"line":152,"column":24}},"152":{"start":{"line":153,"column":0},"end":{"line":153,"column":24}},"153":{"start":{"line":154,"column":0},"end":{"line":154,"column":24}},"154":{"start":{"line":155,"column":0},"end":{"line":155,"column":25}},"155":{"start":{"line":156,"column":0},"end":{"line":156,"column":25}},"156":{"start":{"line":157,"column":0},"end":{"line":157,"column":22}},"157":{"start":{"line":158,"column":0},"end":{"line":158,"column":11}},"158":{"start":{"line":159,"column":0},"end":{"line":159,"column":31}},"159":{"start":{"line":160,"column":0},"end":{"line":160,"column":9}},"160":{"start":{"line":161,"column":0},"end":{"line":161,"column":6}},"161":{"start":{"line":162,"column":0},"end":{"line":162,"column":0}},"162":{"start":{"line":163,"column":0},"end":{"line":163,"column":12}},"163":{"start":{"line":164,"column":0},"end":{"line":164,"column":15}},"164":{"start":{"line":165,"column":0},"end":{"line":165,"column":19}},"165":{"start":{"line":166,"column":0},"end":{"line":166,"column":20}},"166":{"start":{"line":167,"column":0},"end":{"line":167,"column":36}},"167":{"start":{"line":168,"column":0},"end":{"line":168,"column":41}},"168":{"start":{"line":169,"column":0},"end":{"line":169,"column":21}},"169":{"start":{"line":170,"column":0},"end":{"line":170,"column":20}},"170":{"start":{"line":171,"column":0},"end":{"line":171,"column":19}},"171":{"start":{"line":172,"column":0},"end":{"line":172,"column":48}},"172":{"start":{"line":173,"column":0},"end":{"line":173,"column":41}},"173":{"start":{"line":174,"column":0},"end":{"line":174,"column":47}},"174":{"start":{"line":175,"column":0},"end":{"line":175,"column":28}},"175":{"start":{"line":176,"column":0},"end":{"line":176,"column":40}},"176":{"start":{"line":177,"column":0},"end":{"line":177,"column":45}},"177":{"start":{"line":178,"column":0},"end":{"line":178,"column":74}},"178":{"start":{"line":179,"column":0},"end":{"line":179,"column":30}},"179":{"start":{"line":180,"column":0},"end":{"line":180,"column":29}},"180":{"start":{"line":181,"column":0},"end":{"line":181,"column":28}},"181":{"start":{"line":182,"column":0},"end":{"line":182,"column":80}},"182":{"start":{"line":183,"column":0},"end":{"line":183,"column":35}},"183":{"start":{"line":184,"column":0},"end":{"line":184,"column":37}},"184":{"start":{"line":185,"column":0},"end":{"line":185,"column":29}},"185":{"start":{"line":186,"column":0},"end":{"line":186,"column":25}},"186":{"start":{"line":187,"column":0},"end":{"line":187,"column":19}},"187":{"start":{"line":188,"column":0},"end":{"line":188,"column":20}},"188":{"start":{"line":189,"column":0},"end":{"line":189,"column":0}},"189":{"start":{"line":190,"column":0},"end":{"line":190,"column":19}},"190":{"start":{"line":191,"column":0},"end":{"line":191,"column":20}},"191":{"start":{"line":192,"column":0},"end":{"line":192,"column":33}},"192":{"start":{"line":193,"column":0},"end":{"line":193,"column":41}},"193":{"start":{"line":194,"column":0},"end":{"line":194,"column":21}},"194":{"start":{"line":195,"column":0},"end":{"line":195,"column":20}},"195":{"start":{"line":196,"column":0},"end":{"line":196,"column":19}},"196":{"start":{"line":197,"column":0},"end":{"line":197,"column":42}},"197":{"start":{"line":198,"column":0},"end":{"line":198,"column":38}},"198":{"start":{"line":199,"column":0},"end":{"line":199,"column":44}},"199":{"start":{"line":200,"column":0},"end":{"line":200,"column":28}},"200":{"start":{"line":201,"column":0},"end":{"line":201,"column":45}},"201":{"start":{"line":202,"column":0},"end":{"line":202,"column":52}},"202":{"start":{"line":203,"column":0},"end":{"line":203,"column":52}},"203":{"start":{"line":204,"column":0},"end":{"line":204,"column":29}},"204":{"start":{"line":205,"column":0},"end":{"line":205,"column":28}},"205":{"start":{"line":206,"column":0},"end":{"line":206,"column":37}},"206":{"start":{"line":207,"column":0},"end":{"line":207,"column":47}},"207":{"start":{"line":208,"column":0},"end":{"line":208,"column":62}},"208":{"start":{"line":209,"column":0},"end":{"line":209,"column":30}},"209":{"start":{"line":210,"column":0},"end":{"line":210,"column":29}},"210":{"start":{"line":211,"column":0},"end":{"line":211,"column":25}},"211":{"start":{"line":212,"column":0},"end":{"line":212,"column":19}},"212":{"start":{"line":213,"column":0},"end":{"line":213,"column":20}},"213":{"start":{"line":214,"column":0},"end":{"line":214,"column":24}},"214":{"start":{"line":215,"column":0},"end":{"line":215,"column":55}},"215":{"start":{"line":216,"column":0},"end":{"line":216,"column":56}},"216":{"start":{"line":217,"column":0},"end":{"line":217,"column":60}},"217":{"start":{"line":218,"column":0},"end":{"line":218,"column":60}},"218":{"start":{"line":219,"column":0},"end":{"line":219,"column":62}},"219":{"start":{"line":220,"column":0},"end":{"line":220,"column":62}},"220":{"start":{"line":221,"column":0},"end":{"line":221,"column":62}},"221":{"start":{"line":222,"column":0},"end":{"line":222,"column":33}},"222":{"start":{"line":223,"column":0},"end":{"line":223,"column":25}},"223":{"start":{"line":224,"column":0},"end":{"line":224,"column":24}},"224":{"start":{"line":225,"column":0},"end":{"line":225,"column":59}},"225":{"start":{"line":226,"column":0},"end":{"line":226,"column":42}},"226":{"start":{"line":227,"column":0},"end":{"line":227,"column":33}},"227":{"start":{"line":228,"column":0},"end":{"line":228,"column":25}},"228":{"start":{"line":229,"column":0},"end":{"line":229,"column":24}},"229":{"start":{"line":230,"column":0},"end":{"line":230,"column":55}},"230":{"start":{"line":231,"column":0},"end":{"line":231,"column":25}},"231":{"start":{"line":232,"column":0},"end":{"line":232,"column":21}},"232":{"start":{"line":233,"column":0},"end":{"line":233,"column":20}},"233":{"start":{"line":234,"column":0},"end":{"line":234,"column":19}},"234":{"start":{"line":235,"column":0},"end":{"line":235,"column":20}},"235":{"start":{"line":236,"column":0},"end":{"line":236,"column":34}},"236":{"start":{"line":237,"column":0},"end":{"line":237,"column":45}},"237":{"start":{"line":238,"column":0},"end":{"line":238,"column":43}},"238":{"start":{"line":239,"column":0},"end":{"line":239,"column":21}},"239":{"start":{"line":240,"column":0},"end":{"line":240,"column":20}},"240":{"start":{"line":241,"column":0},"end":{"line":241,"column":33}},"241":{"start":{"line":242,"column":0},"end":{"line":242,"column":16}},"242":{"start":{"line":243,"column":0},"end":{"line":243,"column":6}},"243":{"start":{"line":244,"column":0},"end":{"line":244,"column":1}},"244":{"start":{"line":245,"column":0},"end":{"line":245,"column":0}},"245":{"start":{"line":246,"column":0},"end":{"line":246,"column":27}}},"s":{"0":1,"1":1,"2":1,"3":1,"4":1,"5":1,"6":1,"7":1,"8":1,"9":1,"10":1,"11":1,"12":1,"13":1,"14":1,"15":1,"16":1,"17":1,"18":1,"19":1,"20":1,"21":1,"22":1,"23":1,"24":1,"25":1,"26":2,"27":2,"28":0,"29":0,"30":0,"31":0,"32":2,"33":2,"34":2,"35":2,"36":1,"37":8,"38":8,"39":8,"40":8,"41":8,"42":8,"43":8,"44":0,"45":0,"46":8,"47":8,"48":0,"49":0,"50":8,"51":6,"52":8,"53":8,"54":3,"55":3,"56":3,"57":3,"58":1,"59":1,"60":1,"61":1,"62":1,"63":1,"64":1,"65":1,"66":8,"67":8,"68":8,"69":8,"70":4,"71":4,"72":3,"73":4,"74":2,"75":2,"76":2,"77":2,"78":2,"79":2,"80":2,"81":2,"82":2,"83":2,"84":2,"85":2,"86":2,"87":8,"88":8,"89":8,"90":8,"91":6,"92":6,"93":8,"94":8,"95":6,"96":8,"97":5,"98":5,"99":5,"100":5,"101":0,"102":5,"103":5,"104":5,"105":5,"106":8,"107":8,"108":4,"109":2,"110":4,"111":4,"112":2,"113":8,"114":8,"115":8,"116":8,"117":1,"118":1,"119":1,"120":1,"121":1,"122":1,"123":1,"124":1,"125":1,"126":1,"127":8,"128":8,"129":1,"130":1,"131":1,"132":1,"133":0,"134":0,"135":0,"136":0,"137":0,"138":8,"139":8,"140":5,"141":5,"142":5,"143":5,"144":5,"145":5,"146":8,"147":8,"148":8,"149":8,"150":0,"151":0,"152":0,"153":0,"154":0,"155":0,"156":0,"157":0,"158":0,"159":0,"160":0,"161":0,"162":0,"163":8,"164":8,"165":8,"166":8,"167":8,"168":8,"169":8,"170":8,"171":8,"172":8,"173":5,"174":5,"175":5,"176":5,"177":5,"178":5,"179":5,"180":5,"181":5,"182":5,"183":5,"184":5,"185":5,"186":5,"187":8,"188":8,"189":8,"190":8,"191":8,"192":8,"193":8,"194":8,"195":8,"196":8,"197":8,"198":3,"199":3,"200":3,"201":3,"202":3,"203":3,"204":3,"205":3,"206":3,"207":3,"208":3,"209":3,"210":3,"211":3,"212":3,"213":8,"214":8,"215":8,"216":8,"217":8,"218":8,"219":8,"220":8,"221":8,"222":8,"223":8,"224":8,"225":8,"226":8,"227":8,"228":8,"229":8,"230":8,"231":8,"232":8,"233":8,"234":8,"235":8,"236":8,"237":8,"238":8,"239":8,"240":8,"241":8,"242":8,"243":8,"244":8,"245":1},"branchMap":{"0":{"type":"branch","line":26,"loc":{"start":{"line":26,"column":39},"end":{"line":37,"column":21}},"locations":[{"start":{"line":26,"column":39},"end":{"line":37,"column":21}}]},"1":{"type":"branch","line":28,"loc":{"start":{"line":28,"column":14},"end":{"line":33,"column":21}},"locations":[{"start":{"line":28,"column":14},"end":{"line":33,"column":21}}]},"2":{"type":"branch","line":37,"loc":{"start":{"line":37,"column":21},"end":{"line":246,"column":15}},"locations":[{"start":{"line":37,"column":21},"end":{"line":246,"column":15}}]},"3":{"type":"branch","line":94,"loc":{"start":{"line":94,"column":10},"end":{"line":94,"column":22}},"locations":[{"start":{"line":94,"column":10},"end":{"line":94,"column":22}}]},"4":{"type":"branch","line":51,"loc":{"start":{"line":51,"column":53},"end":{"line":53,"column":25}},"locations":[{"start":{"line":51,"column":53},"end":{"line":53,"column":25}}]},"5":{"type":"branch","line":54,"loc":{"start":{"line":54,"column":14},"end":{"line":67,"column":35}},"locations":[{"start":{"line":54,"column":14},"end":{"line":67,"column":35}}]},"6":{"type":"branch","line":56,"loc":{"start":{"line":56,"column":34},"end":{"line":57,"column":34}},"locations":[{"start":{"line":56,"column":34},"end":{"line":57,"column":34}}]},"7":{"type":"branch","line":58,"loc":{"start":{"line":58,"column":16},"end":{"line":66,"column":22}},"locations":[{"start":{"line":58,"column":16},"end":{"line":66,"column":22}}]},"8":{"type":"branch","line":70,"loc":{"start":{"line":70,"column":14},"end":{"line":88,"column":35}},"locations":[{"start":{"line":70,"column":14},"end":{"line":88,"column":35}}]},"9":{"type":"branch","line":72,"loc":{"start":{"line":72,"column":37},"end":{"line":74,"column":22}},"locations":[{"start":{"line":72,"column":37},"end":{"line":74,"column":22}}]},"10":{"type":"branch","line":74,"loc":{"start":{"line":74,"column":16},"end":{"line":87,"column":22}},"locations":[{"start":{"line":74,"column":16},"end":{"line":87,"column":22}}]},"11":{"type":"branch","line":75,"loc":{"start":{"line":75,"column":43},"end":{"line":76,"column":43}},"locations":[{"start":{"line":75,"column":43},"end":{"line":76,"column":43}}]},"12":{"type":"branch","line":77,"loc":{"start":{"line":77,"column":24},"end":{"line":79,"column":28}},"locations":[{"start":{"line":77,"column":24},"end":{"line":79,"column":28}}]},"13":{"type":"branch","line":91,"loc":{"start":{"line":91,"column":30},"end":{"line":94,"column":17}},"locations":[{"start":{"line":91,"column":30},"end":{"line":94,"column":17}}]},"14":{"type":"branch","line":95,"loc":{"start":{"line":95,"column":38},"end":{"line":97,"column":21}},"locations":[{"start":{"line":95,"column":38},"end":{"line":97,"column":21}}]},"15":{"type":"branch","line":97,"loc":{"start":{"line":97,"column":12},"end":{"line":107,"column":14}},"locations":[{"start":{"line":97,"column":12},"end":{"line":107,"column":14}}]},"16":{"type":"branch","line":108,"loc":{"start":{"line":108,"column":14},"end":{"line":114,"column":37}},"locations":[{"start":{"line":108,"column":14},"end":{"line":114,"column":37}}]},"17":{"type":"branch","line":112,"loc":{"start":{"line":112,"column":21},"end":{"line":114,"column":37}},"locations":[{"start":{"line":112,"column":21},"end":{"line":114,"column":37}}]},"18":{"type":"branch","line":109,"loc":{"start":{"line":109,"column":33},"end":{"line":111,"column":26}},"locations":[{"start":{"line":109,"column":33},"end":{"line":111,"column":26}}]},"19":{"type":"branch","line":117,"loc":{"start":{"line":117,"column":14},"end":{"line":128,"column":32}},"locations":[{"start":{"line":117,"column":14},"end":{"line":128,"column":32}}]},"20":{"type":"branch","line":123,"loc":{"start":{"line":123,"column":12},"end":{"line":123,"column":30}},"locations":[{"start":{"line":123,"column":12},"end":{"line":123,"column":30}}]},"21":{"type":"branch","line":129,"loc":{"start":{"line":129,"column":14},"end":{"line":139,"column":26}},"locations":[{"start":{"line":129,"column":14},"end":{"line":139,"column":26}}]},"22":{"type":"branch","line":133,"loc":{"start":{"line":133,"column":12},"end":{"line":139,"column":18}},"locations":[{"start":{"line":133,"column":12},"end":{"line":139,"column":18}}]},"23":{"type":"branch","line":130,"loc":{"start":{"line":130,"column":51},"end":{"line":132,"column":22}},"locations":[{"start":{"line":130,"column":51},"end":{"line":132,"column":22}}]},"24":{"type":"branch","line":140,"loc":{"start":{"line":140,"column":18},"end":{"line":147,"column":39}},"locations":[{"start":{"line":140,"column":18},"end":{"line":147,"column":39}}]},"25":{"type":"branch","line":141,"loc":{"start":{"line":141,"column":51},"end":{"line":142,"column":26}},"locations":[{"start":{"line":141,"column":51},"end":{"line":142,"column":26}}]},"26":{"type":"branch","line":140,"loc":{"start":{"line":140,"column":52},"end":{"line":141,"column":28}},"locations":[{"start":{"line":140,"column":52},"end":{"line":141,"column":28}}]},"27":{"type":"branch","line":143,"loc":{"start":{"line":143,"column":35},"end":{"line":144,"column":35}},"locations":[{"start":{"line":143,"column":35},"end":{"line":144,"column":35}}]},"28":{"type":"branch","line":144,"loc":{"start":{"line":144,"column":41},"end":{"line":145,"column":21}},"locations":[{"start":{"line":144,"column":41},"end":{"line":145,"column":21}}]},"29":{"type":"branch","line":173,"loc":{"start":{"line":173,"column":20},"end":{"line":187,"column":19}},"locations":[{"start":{"line":173,"column":20},"end":{"line":187,"column":19}}]},"30":{"type":"branch","line":198,"loc":{"start":{"line":198,"column":20},"end":{"line":213,"column":20}},"locations":[{"start":{"line":198,"column":20},"end":{"line":213,"column":20}}]}},"b":{"0":[2],"1":[0],"2":[8],"3":[5],"4":[6],"5":[3],"6":[2],"7":[1],"8":[4],"9":[3],"10":[2],"11":[2],"12":[2],"13":[6],"14":[6],"15":[5],"16":[4],"17":[2],"18":[2],"19":[1],"20":[0],"21":[1],"22":[0],"23":[1],"24":[5],"25":[2],"26":[3],"27":[2],"28":[1],"29":[5],"30":[3]},"fnMap":{"0":{"name":"roundTime","decl":{"start":{"line":26,"column":39},"end":{"line":37,"column":21}},"loc":{"start":{"line":26,"column":39},"end":{"line":37,"column":21}},"line":26},"1":{"name":"InvoiceList","decl":{"start":{"line":37,"column":21},"end":{"line":246,"column":15}},"loc":{"start":{"line":37,"column":21},"end":{"line":246,"column":15}},"line":37},"2":{"name":"handleAddHourly","decl":{"start":{"line":44,"column":8},"end":{"line":47,"column":25}},"loc":{"start":{"line":44,"column":8},"end":{"line":47,"column":25}},"line":44},"3":{"name":"handleDelete","decl":{"start":{"line":48,"column":8},"end":{"line":51,"column":26}},"loc":{"start":{"line":48,"column":8},"end":{"line":51,"column":26}},"line":48},"4":{"name":"onClick","decl":{"start":{"line":101,"column":48},"end":{"line":102,"column":43}},"loc":{"start":{"line":101,"column":48},"end":{"line":102,"column":43}},"line":101},"5":{"name":"handleAddInvoice","decl":{"start":{"line":117,"column":14},"end":{"line":128,"column":32}},"loc":{"start":{"line":117,"column":14},"end":{"line":128,"column":32}},"line":117},"6":{"name":"handleSelectedTasks","decl":{"start":{"line":129,"column":14},"end":{"line":139,"column":26}},"loc":{"start":{"line":129,"column":14},"end":{"line":139,"column":26}},"line":129},"7":{"name":"handleRound","decl":{"start":{"line":150,"column":14},"end":{"line":164,"column":9}},"loc":{"start":{"line":150,"column":14},"end":{"line":164,"column":9}},"line":150},"8":{"name":"onChange","decl":{"start":{"line":178,"column":62},"end":{"line":178,"column":74}},"loc":{"start":{"line":178,"column":62},"end":{"line":178,"column":74}},"line":178},"9":{"name":"onClick","decl":{"start":{"line":182,"column":67},"end":{"line":182,"column":80}},"loc":{"start":{"line":182,"column":67},"end":{"line":182,"column":80}},"line":182}},"f":{"0":2,"1":8,"2":0,"3":0,"4":0,"5":1,"6":1,"7":0,"8":0,"9":0}}
,"C:\\Users\\zerog\\Desktop\\Skola\\Webb- och mobilapplikationsutveckling\\k1k2\\invoice-dashboard-main\\src\\components\\ProjectList.tsx": {"path":"C:\\Users\\zerog\\Desktop\\Skola\\Webb- och mobilapplikationsutveckling\\k1k2\\invoice-dashboard-main\\src\\components\\ProjectList.tsx","all":false,"statementMap":{"0":{"start":{"line":1,"column":0},"end":{"line":1,"column":38}},"1":{"start":{"line":2,"column":0},"end":{"line":2,"column":46}},"2":{"start":{"line":3,"column":0},"end":{"line":3,"column":0}},"3":{"start":{"line":4,"column":0},"end":{"line":4,"column":14}},"4":{"start":{"line":5,"column":0},"end":{"line":5,"column":25}},"5":{"start":{"line":6,"column":0},"end":{"line":6,"column":2}},"6":{"start":{"line":7,"column":0},"end":{"line":7,"column":0}},"7":{"start":{"line":8,"column":0},"end":{"line":8,"column":47}},"8":{"start":{"line":9,"column":0},"end":{"line":9,"column":46}},"9":{"start":{"line":10,"column":0},"end":{"line":10,"column":0}},"10":{"start":{"line":11,"column":0},"end":{"line":11,"column":42}},"11":{"start":{"line":12,"column":0},"end":{"line":12,"column":35}},"12":{"start":{"line":13,"column":0},"end":{"line":13,"column":6}},"13":{"start":{"line":14,"column":0},"end":{"line":14,"column":0}},"14":{"start":{"line":15,"column":0},"end":{"line":15,"column":30}},"15":{"start":{"line":16,"column":0},"end":{"line":16,"column":61}},"16":{"start":{"line":17,"column":0},"end":{"line":17,"column":27}},"17":{"start":{"line":18,"column":0},"end":{"line":18,"column":33}},"18":{"start":{"line":19,"column":0},"end":{"line":19,"column":39}},"19":{"start":{"line":20,"column":0},"end":{"line":20,"column":41}},"20":{"start":{"line":21,"column":0},"end":{"line":21,"column":0}},"21":{"start":{"line":22,"column":0},"end":{"line":22,"column":61}},"22":{"start":{"line":23,"column":0},"end":{"line":23,"column":43}},"23":{"start":{"line":24,"column":0},"end":{"line":24,"column":21}},"24":{"start":{"line":25,"column":0},"end":{"line":25,"column":17}},"25":{"start":{"line":26,"column":0},"end":{"line":26,"column":11}},"26":{"start":{"line":27,"column":0},"end":{"line":27,"column":0}},"27":{"start":{"line":28,"column":0},"end":{"line":28,"column":34}},"28":{"start":{"line":29,"column":0},"end":{"line":29,"column":15}},"29":{"start":{"line":30,"column":0},"end":{"line":30,"column":19}},"30":{"start":{"line":31,"column":0},"end":{"line":31,"column":20}},"31":{"start":{"line":32,"column":0},"end":{"line":32,"column":36}},"32":{"start":{"line":33,"column":0},"end":{"line":33,"column":21}},"33":{"start":{"line":34,"column":0},"end":{"line":34,"column":20}},"34":{"start":{"line":35,"column":0},"end":{"line":35,"column":33}},"35":{"start":{"line":36,"column":0},"end":{"line":36,"column":16}},"36":{"start":{"line":37,"column":0},"end":{"line":37,"column":9}},"37":{"start":{"line":38,"column":0},"end":{"line":38,"column":26}},"38":{"start":{"line":39,"column":0},"end":{"line":39,"column":6}},"39":{"start":{"line":40,"column":0},"end":{"line":40,"column":1}},"40":{"start":{"line":41,"column":0},"end":{"line":41,"column":0}},"41":{"start":{"line":42,"column":0},"end":{"line":42,"column":27}}},"s":{"0":1,"1":1,"2":1,"3":1,"4":1,"5":1,"6":1,"7":1,"8":8,"9":8,"10":8,"11":8,"12":1,"13":1,"14":8,"15":8,"16":5,"17":8,"18":3,"19":3,"20":3,"21":3,"22":1,"23":3,"24":3,"25":3,"26":3,"27":8,"28":8,"29":4,"30":4,"31":4,"32":4,"33":4,"34":4,"35":4,"36":4,"37":4,"38":4,"39":4,"40":4,"41":1},"branchMap":{"0":{"type":"branch","line":8,"loc":{"start":{"line":8,"column":21},"end":{"line":42,"column":15}},"locations":[{"start":{"line":8,"column":21},"end":{"line":42,"column":15}}]},"1":{"type":"branch","line":29,"loc":{"start":{"line":29,"column":8},"end":{"line":38,"column":26}},"locations":[{"start":{"line":29,"column":8},"end":{"line":38,"column":26}}]},"2":{"type":"branch","line":38,"loc":{"start":{"line":38,"column":8},"end":{"line":42,"column":15}},"locations":[{"start":{"line":38,"column":8},"end":{"line":42,"column":15}}]},"3":{"type":"branch","line":12,"loc":{"start":{"line":12,"column":8},"end":{"line":15,"column":22}},"locations":[{"start":{"line":12,"column":8},"end":{"line":15,"column":22}}]},"4":{"type":"branch","line":16,"loc":{"start":{"line":16,"column":37},"end":{"line":18,"column":21}},"locations":[{"start":{"line":16,"column":37},"end":{"line":18,"column":21}}]},"5":{"type":"branch","line":18,"loc":{"start":{"line":18,"column":12},"end":{"line":28,"column":28}},"locations":[{"start":{"line":18,"column":12},"end":{"line":28,"column":28}}]},"6":{"type":"branch","line":22,"loc":{"start":{"line":22,"column":48},"end":{"line":23,"column":43}},"locations":[{"start":{"line":22,"column":48},"end":{"line":23,"column":43}}]}},"b":{"0":[8],"1":[4],"2":[4],"3":[1],"4":[5],"5":[3],"6":[1]},"fnMap":{"0":{"name":"ProjectList","decl":{"start":{"line":8,"column":21},"end":{"line":42,"column":15}},"loc":{"start":{"line":8,"column":21},"end":{"line":42,"column":15}},"line":8},"1":{"name":"handleDelete","decl":{"start":{"line":12,"column":8},"end":{"line":15,"column":22}},"loc":{"start":{"line":12,"column":8},"end":{"line":15,"column":22}},"line":12},"2":{"name":"onClick","decl":{"start":{"line":22,"column":48},"end":{"line":23,"column":43}},"loc":{"start":{"line":22,"column":48},"end":{"line":23,"column":43}},"line":22}},"f":{"0":8,"1":1,"2":1}}
,"C:\\Users\\zerog\\Desktop\\Skola\\Webb- och mobilapplikationsutveckling\\k1k2\\invoice-dashboard-main\\src\\components\\StrictModeDroppable.tsx": {"path":"C:\\Users\\zerog\\Desktop\\Skola\\Webb- och mobilapplikationsutveckling\\k1k2\\invoice-dashboard-main\\src\\components\\StrictModeDroppable.tsx","all":false,"statementMap":{"0":{"start":{"line":1,"column":0},"end":{"line":1,"column":44}},"1":{"start":{"line":2,"column":0},"end":{"line":2,"column":64}},"2":{"start":{"line":3,"column":0},"end":{"line":3,"column":0}},"3":{"start":{"line":4,"column":0},"end":{"line":4,"column":80}},"4":{"start":{"line":5,"column":0},"end":{"line":5,"column":50}},"5":{"start":{"line":6,"column":0},"end":{"line":6,"column":0}},"6":{"start":{"line":7,"column":0},"end":{"line":7,"column":21}},"7":{"start":{"line":8,"column":0},"end":{"line":8,"column":72}},"8":{"start":{"line":9,"column":0},"end":{"line":9,"column":0}},"9":{"start":{"line":10,"column":0},"end":{"line":10,"column":22}},"10":{"start":{"line":11,"column":0},"end":{"line":11,"column":44}},"11":{"start":{"line":12,"column":0},"end":{"line":12,"column":30}},"12":{"start":{"line":13,"column":0},"end":{"line":13,"column":10}},"13":{"start":{"line":14,"column":0},"end":{"line":14,"column":11}},"14":{"start":{"line":15,"column":0},"end":{"line":15,"column":0}},"15":{"start":{"line":16,"column":0},"end":{"line":16,"column":19}},"16":{"start":{"line":17,"column":0},"end":{"line":17,"column":20}},"17":{"start":{"line":18,"column":0},"end":{"line":18,"column":5}},"18":{"start":{"line":19,"column":0},"end":{"line":19,"column":0}},"19":{"start":{"line":20,"column":0},"end":{"line":20,"column":56}},"20":{"start":{"line":21,"column":0},"end":{"line":21,"column":2}}},"s":{"0":1,"1":1,"2":1,"3":1,"4":0,"5":0,"6":0,"7":0,"8":0,"9":0,"10":0,"11":0,"12":0,"13":0,"14":0,"15":0,"16":0,"17":0,"18":0,"19":0,"20":0},"branchMap":{},"b":{},"fnMap":{"0":{"name":"StrictModeDroppable","decl":{"start":{"line":4,"column":51},"end":{"line":21,"column":2}},"loc":{"start":{"line":4,"column":51},"end":{"line":21,"column":2}},"line":4}},"f":{"0":0}}
,"C:\\Users\\zerog\\Desktop\\Skola\\Webb- och mobilapplikationsutveckling\\k1k2\\invoice-dashboard-main\\src\\components\\TaskList.tsx": {"path":"C:\\Users\\zerog\\Desktop\\Skola\\Webb- och mobilapplikationsutveckling\\k1k2\\invoice-dashboard-main\\src\\components\\TaskList.tsx","all":false,"statementMap":{"0":{"start":{"line":1,"column":0},"end":{"line":1,"column":38}},"1":{"start":{"line":2,"column":0},"end":{"line":2,"column":46}},"2":{"start":{"line":3,"column":0},"end":{"line":3,"column":0}},"3":{"start":{"line":4,"column":0},"end":{"line":4,"column":14}},"4":{"start":{"line":5,"column":0},"end":{"line":5,"column":28}},"5":{"start":{"line":6,"column":0},"end":{"line":6,"column":2}},"6":{"start":{"line":7,"column":0},"end":{"line":7,"column":0}},"7":{"start":{"line":8,"column":0},"end":{"line":8,"column":47}},"8":{"start":{"line":9,"column":0},"end":{"line":9,"column":46}},"9":{"start":{"line":10,"column":0},"end":{"line":10,"column":0}},"10":{"start":{"line":11,"column":0},"end":{"line":11,"column":42}},"11":{"start":{"line":12,"column":0},"end":{"line":12,"column":32}},"12":{"start":{"line":13,"column":0},"end":{"line":13,"column":6}},"13":{"start":{"line":14,"column":0},"end":{"line":14,"column":0}},"14":{"start":{"line":15,"column":0},"end":{"line":15,"column":27}},"15":{"start":{"line":16,"column":0},"end":{"line":16,"column":63}},"16":{"start":{"line":17,"column":0},"end":{"line":17,"column":24}},"17":{"start":{"line":18,"column":0},"end":{"line":18,"column":30}},"18":{"start":{"line":19,"column":0},"end":{"line":19,"column":37}},"19":{"start":{"line":20,"column":0},"end":{"line":20,"column":38}},"20":{"start":{"line":21,"column":0},"end":{"line":21,"column":58}},"21":{"start":{"line":22,"column":0},"end":{"line":22,"column":43}},"22":{"start":{"line":23,"column":0},"end":{"line":23,"column":21}},"23":{"start":{"line":24,"column":0},"end":{"line":24,"column":17}},"24":{"start":{"line":25,"column":0},"end":{"line":25,"column":11}},"25":{"start":{"line":26,"column":0},"end":{"line":26,"column":0}},"26":{"start":{"line":27,"column":0},"end":{"line":27,"column":37}},"27":{"start":{"line":28,"column":0},"end":{"line":28,"column":15}},"28":{"start":{"line":29,"column":0},"end":{"line":29,"column":19}},"29":{"start":{"line":30,"column":0},"end":{"line":30,"column":20}},"30":{"start":{"line":31,"column":0},"end":{"line":31,"column":39}},"31":{"start":{"line":32,"column":0},"end":{"line":32,"column":36}},"32":{"start":{"line":33,"column":0},"end":{"line":33,"column":21}},"33":{"start":{"line":34,"column":0},"end":{"line":34,"column":20}},"34":{"start":{"line":35,"column":0},"end":{"line":35,"column":33}},"35":{"start":{"line":36,"column":0},"end":{"line":36,"column":16}},"36":{"start":{"line":37,"column":0},"end":{"line":37,"column":9}},"37":{"start":{"line":38,"column":0},"end":{"line":38,"column":23}},"38":{"start":{"line":39,"column":0},"end":{"line":39,"column":6}},"39":{"start":{"line":40,"column":0},"end":{"line":40,"column":1}},"40":{"start":{"line":41,"column":0},"end":{"line":41,"column":0}},"41":{"start":{"line":42,"column":0},"end":{"line":42,"column":24}}},"s":{"0":1,"1":1,"2":1,"3":1,"4":1,"5":1,"6":1,"7":1,"8":8,"9":8,"10":8,"11":8,"12":1,"13":1,"14":8,"15":8,"16":5,"17":8,"18":3,"19":3,"20":3,"21":1,"22":3,"23":3,"24":3,"25":3,"26":8,"27":8,"28":4,"29":4,"30":4,"31":4,"32":4,"33":4,"34":4,"35":4,"36":4,"37":4,"38":4,"39":4,"40":4,"41":1},"branchMap":{"0":{"type":"branch","line":8,"loc":{"start":{"line":8,"column":20},"end":{"line":42,"column":15}},"locations":[{"start":{"line":8,"column":20},"end":{"line":42,"column":15}}]},"1":{"type":"branch","line":28,"loc":{"start":{"line":28,"column":8},"end":{"line":38,"column":23}},"locations":[{"start":{"line":28,"column":8},"end":{"line":38,"column":23}}]},"2":{"type":"branch","line":38,"loc":{"start":{"line":38,"column":8},"end":{"line":42,"column":15}},"locations":[{"start":{"line":38,"column":8},"end":{"line":42,"column":15}}]},"3":{"type":"branch","line":12,"loc":{"start":{"line":12,"column":8},"end":{"line":15,"column":22}},"locations":[{"start":{"line":12,"column":8},"end":{"line":15,"column":22}}]},"4":{"type":"branch","line":16,"loc":{"start":{"line":16,"column":33},"end":{"line":18,"column":21}},"locations":[{"start":{"line":16,"column":33},"end":{"line":18,"column":21}}]},"5":{"type":"branch","line":18,"loc":{"start":{"line":18,"column":12},"end":{"line":27,"column":31}},"locations":[{"start":{"line":18,"column":12},"end":{"line":27,"column":31}}]},"6":{"type":"branch","line":21,"loc":{"start":{"line":21,"column":48},"end":{"line":22,"column":43}},"locations":[{"start":{"line":21,"column":48},"end":{"line":22,"column":43}}]}},"b":{"0":[8],"1":[4],"2":[4],"3":[1],"4":[5],"5":[3],"6":[1]},"fnMap":{"0":{"name":"TaskList","decl":{"start":{"line":8,"column":20},"end":{"line":42,"column":15}},"loc":{"start":{"line":8,"column":20},"end":{"line":42,"column":15}},"line":8},"1":{"name":"handleDelete","decl":{"start":{"line":12,"column":8},"end":{"line":15,"column":22}},"loc":{"start":{"line":12,"column":8},"end":{"line":15,"column":22}},"line":12},"2":{"name":"onClick","decl":{"start":{"line":21,"column":48},"end":{"line":22,"column":43}},"loc":{"start":{"line":21,"column":48},"end":{"line":22,"column":43}},"line":21}},"f":{"0":8,"1":1,"2":1}}
,"C:\\Users\\zerog\\Desktop\\Skola\\Webb- och mobilapplikationsutveckling\\k1k2\\invoice-dashboard-main\\src\\contexts\\Index.tsx": {"path":"C:\\Users\\zerog\\Desktop\\Skola\\Webb- och mobilapplikationsutveckling\\k1k2\\invoice-dashboard-main\\src\\contexts\\Index.tsx","all":false,"statementMap":{"0":{"start":{"line":1,"column":0},"end":{"line":1,"column":8}},"1":{"start":{"line":2,"column":0},"end":{"line":2,"column":18}},"2":{"start":{"line":3,"column":0},"end":{"line":3,"column":13}},"3":{"start":{"line":4,"column":0},"end":{"line":4,"column":15}},"4":{"start":{"line":5,"column":0},"end":{"line":5,"column":14}},"5":{"start":{"line":6,"column":0},"end":{"line":6,"column":15}},"6":{"start":{"line":7,"column":0},"end":{"line":7,"column":12}},"7":{"start":{"line":8,"column":0},"end":{"line":8,"column":15}},"8":{"start":{"line":9,"column":0},"end":{"line":9,"column":24}},"9":{"start":{"line":10,"column":0},"end":{"line":10,"column":0}},"10":{"start":{"line":11,"column":0},"end":{"line":11,"column":65}},"11":{"start":{"line":12,"column":0},"end":{"line":12,"column":0}},"12":{"start":{"line":13,"column":0},"end":{"line":13,"column":65}},"13":{"start":{"line":14,"column":0},"end":{"line":14,"column":49}},"14":{"start":{"line":15,"column":0},"end":{"line":15,"column":75}},"15":{"start":{"line":16,"column":0},"end":{"line":16,"column":28}},"16":{"start":{"line":17,"column":0},"end":{"line":17,"column":42}},"17":{"start":{"line":18,"column":0},"end":{"line":18,"column":27}},"18":{"start":{"line":19,"column":0},"end":{"line":19,"column":29}},"19":{"start":{"line":20,"column":0},"end":{"line":20,"column":53}},"20":{"start":{"line":21,"column":0},"end":{"line":21,"column":32}},"21":{"start":{"line":22,"column":0},"end":{"line":22,"column":56}},"22":{"start":{"line":23,"column":0},"end":{"line":23,"column":29}},"23":{"start":{"line":24,"column":0},"end":{"line":24,"column":53}},"24":{"start":{"line":25,"column":0},"end":{"line":25,"column":32}},"25":{"start":{"line":26,"column":0},"end":{"line":26,"column":56}},"26":{"start":{"line":27,"column":0},"end":{"line":27,"column":32}},"27":{"start":{"line":28,"column":0},"end":{"line":28,"column":56}},"28":{"start":{"line":29,"column":0},"end":{"line":29,"column":34}},"29":{"start":{"line":30,"column":0},"end":{"line":30,"column":77}},"30":{"start":{"line":31,"column":0},"end":{"line":31,"column":13}},"31":{"start":{"line":32,"column":0},"end":{"line":32,"column":10}},"32":{"start":{"line":33,"column":0},"end":{"line":33,"column":9}},"33":{"start":{"line":34,"column":0},"end":{"line":34,"column":22}},"34":{"start":{"line":35,"column":0},"end":{"line":35,"column":25}},"35":{"start":{"line":36,"column":0},"end":{"line":36,"column":22}},"36":{"start":{"line":37,"column":0},"end":{"line":37,"column":25}},"37":{"start":{"line":38,"column":0},"end":{"line":38,"column":25}},"38":{"start":{"line":39,"column":0},"end":{"line":39,"column":9}},"39":{"start":{"line":40,"column":0},"end":{"line":40,"column":6}},"40":{"start":{"line":41,"column":0},"end":{"line":41,"column":0}},"41":{"start":{"line":42,"column":0},"end":{"line":42,"column":37}},"42":{"start":{"line":43,"column":0},"end":{"line":43,"column":25}},"43":{"start":{"line":44,"column":0},"end":{"line":44,"column":13}},"44":{"start":{"line":45,"column":0},"end":{"line":45,"column":64}},"45":{"start":{"line":46,"column":0},"end":{"line":46,"column":35}},"46":{"start":{"line":47,"column":0},"end":{"line":47,"column":37}},"47":{"start":{"line":48,"column":0},"end":{"line":48,"column":40}},"48":{"start":{"line":49,"column":0},"end":{"line":49,"column":37}},"49":{"start":{"line":50,"column":0},"end":{"line":50,"column":40}},"50":{"start":{"line":51,"column":0},"end":{"line":51,"column":40}},"51":{"start":{"line":52,"column":0},"end":{"line":52,"column":19}},"52":{"start":{"line":53,"column":0},"end":{"line":53,"column":57}},"53":{"start":{"line":54,"column":0},"end":{"line":54,"column":63}},"54":{"start":{"line":55,"column":0},"end":{"line":55,"column":57}},"55":{"start":{"line":56,"column":0},"end":{"line":56,"column":63}},"56":{"start":{"line":57,"column":0},"end":{"line":57,"column":63}},"57":{"start":{"line":58,"column":0},"end":{"line":58,"column":25}},"58":{"start":{"line":59,"column":0},"end":{"line":59,"column":33}},"59":{"start":{"line":60,"column":0},"end":{"line":60,"column":9}},"60":{"start":{"line":61,"column":0},"end":{"line":61,"column":26}},"61":{"start":{"line":62,"column":0},"end":{"line":62,"column":6}},"62":{"start":{"line":63,"column":0},"end":{"line":63,"column":0}},"63":{"start":{"line":64,"column":0},"end":{"line":64,"column":49}},"64":{"start":{"line":65,"column":0},"end":{"line":65,"column":38}},"65":{"start":{"line":66,"column":0},"end":{"line":66,"column":51}},"66":{"start":{"line":67,"column":0},"end":{"line":67,"column":28}},"67":{"start":{"line":68,"column":0},"end":{"line":68,"column":6}},"68":{"start":{"line":69,"column":0},"end":{"line":69,"column":0}},"69":{"start":{"line":70,"column":0},"end":{"line":70,"column":60}},"70":{"start":{"line":71,"column":0},"end":{"line":71,"column":43}},"71":{"start":{"line":72,"column":0},"end":{"line":72,"column":28}},"72":{"start":{"line":73,"column":0},"end":{"line":73,"column":6}},"73":{"start":{"line":74,"column":0},"end":{"line":74,"column":0}},"74":{"start":{"line":75,"column":0},"end":{"line":75,"column":70}},"75":{"start":{"line":76,"column":0},"end":{"line":76,"column":51}},"76":{"start":{"line":77,"column":0},"end":{"line":77,"column":29}},"77":{"start":{"line":78,"column":0},"end":{"line":78,"column":22}},"78":{"start":{"line":79,"column":0},"end":{"line":79,"column":6}},"79":{"start":{"line":80,"column":0},"end":{"line":80,"column":21}},"80":{"start":{"line":81,"column":0},"end":{"line":81,"column":22}},"81":{"start":{"line":82,"column":0},"end":{"line":82,"column":11}},"82":{"start":{"line":83,"column":0},"end":{"line":83,"column":0}},"83":{"start":{"line":84,"column":0},"end":{"line":84,"column":12}},"84":{"start":{"line":85,"column":0},"end":{"line":85,"column":31}},"85":{"start":{"line":86,"column":0},"end":{"line":86,"column":20}},"86":{"start":{"line":87,"column":0},"end":{"line":87,"column":24}},"87":{"start":{"line":88,"column":0},"end":{"line":88,"column":21}},"88":{"start":{"line":89,"column":0},"end":{"line":89,"column":27}},"89":{"start":{"line":90,"column":0},"end":{"line":90,"column":26}},"90":{"start":{"line":91,"column":0},"end":{"line":91,"column":27}},"91":{"start":{"line":92,"column":0},"end":{"line":92,"column":14}},"92":{"start":{"line":93,"column":0},"end":{"line":93,"column":9}},"93":{"start":{"line":94,"column":0},"end":{"line":94,"column":22}},"94":{"start":{"line":95,"column":0},"end":{"line":95,"column":33}},"95":{"start":{"line":96,"column":0},"end":{"line":96,"column":6}},"96":{"start":{"line":97,"column":0},"end":{"line":97,"column":2}},"97":{"start":{"line":98,"column":0},"end":{"line":98,"column":0}},"98":{"start":{"line":99,"column":0},"end":{"line":99,"column":33}},"99":{"start":{"line":100,"column":0},"end":{"line":100,"column":51}},"100":{"start":{"line":101,"column":0},"end":{"line":101,"column":24}},"101":{"start":{"line":102,"column":0},"end":{"line":102,"column":65}},"102":{"start":{"line":103,"column":0},"end":{"line":103,"column":5}},"103":{"start":{"line":104,"column":0},"end":{"line":104,"column":24}},"104":{"start":{"line":105,"column":0},"end":{"line":105,"column":2}}},"s":{"0":1,"1":1,"2":1,"3":1,"4":1,"5":1,"6":1,"7":1,"8":1,"9":1,"10":1,"11":1,"12":1,"13":1,"14":17,"15":17,"16":17,"17":35,"18":35,"19":35,"20":7,"21":35,"22":7,"23":35,"24":7,"25":35,"26":7,"27":35,"28":7,"29":35,"30":0,"31":0,"32":0,"33":35,"34":17,"35":17,"36":17,"37":17,"38":17,"39":17,"40":17,"41":17,"42":17,"43":7,"44":7,"45":7,"46":7,"47":7,"48":7,"49":7,"50":7,"51":7,"52":7,"53":7,"54":7,"55":7,"56":7,"57":7,"58":7,"59":0,"60":0,"61":7,"62":7,"63":17,"64":17,"65":1,"66":1,"67":1,"68":1,"69":17,"70":17,"71":0,"72":0,"73":0,"74":17,"75":2,"76":2,"77":2,"78":2,"79":17,"80":17,"81":5,"82":5,"83":5,"84":17,"85":17,"86":17,"87":17,"88":17,"89":17,"90":17,"91":17,"92":17,"93":17,"94":17,"95":17,"96":5,"97":5,"98":1,"99":1,"100":44,"101":44,"102":0,"103":0,"104":43},"branchMap":{"0":{"type":"branch","line":14,"loc":{"start":{"line":14,"column":4},"end":{"line":97,"column":2}},"locations":[{"start":{"line":14,"column":4},"end":{"line":97,"column":2}}]},"1":{"type":"branch","line":17,"loc":{"start":{"line":17,"column":12},"end":{"line":34,"column":22}},"locations":[{"start":{"line":17,"column":12},"end":{"line":34,"column":22}}]},"2":{"type":"branch","line":20,"loc":{"start":{"line":20,"column":20},"end":{"line":21,"column":32}},"locations":[{"start":{"line":20,"column":20},"end":{"line":21,"column":32}}]},"3":{"type":"branch","line":22,"loc":{"start":{"line":22,"column":20},"end":{"line":24,"column":27}},"locations":[{"start":{"line":22,"column":20},"end":{"line":24,"column":27}}]},"4":{"type":"branch","line":24,"loc":{"start":{"line":24,"column":20},"end":{"line":25,"column":32}},"locations":[{"start":{"line":24,"column":20},"end":{"line":25,"column":32}}]},"5":{"type":"branch","line":26,"loc":{"start":{"line":26,"column":20},"end":{"line":27,"column":32}},"locations":[{"start":{"line":26,"column":20},"end":{"line":27,"column":32}}]},"6":{"type":"branch","line":28,"loc":{"start":{"line":28,"column":20},"end":{"line":29,"column":34}},"locations":[{"start":{"line":28,"column":20},"end":{"line":29,"column":34}}]},"7":{"type":"branch","line":30,"loc":{"start":{"line":30,"column":20},"end":{"line":34,"column":19}},"locations":[{"start":{"line":30,"column":20},"end":{"line":34,"column":19}}]},"8":{"type":"branch","line":43,"loc":{"start":{"line":43,"column":8},"end":{"line":64,"column":23}},"locations":[{"start":{"line":43,"column":8},"end":{"line":64,"column":23}}]},"9":{"type":"branch","line":59,"loc":{"start":{"line":59,"column":12},"end":{"line":61,"column":26}},"locations":[{"start":{"line":59,"column":12},"end":{"line":61,"column":26}}]},"10":{"type":"branch","line":65,"loc":{"start":{"line":65,"column":8},"end":{"line":70,"column":22}},"locations":[{"start":{"line":65,"column":8},"end":{"line":70,"column":22}}]},"11":{"type":"branch","line":75,"loc":{"start":{"line":75,"column":69},"end":{"line":80,"column":14}},"locations":[{"start":{"line":75,"column":69},"end":{"line":80,"column":14}}]},"12":{"type":"branch","line":78,"loc":{"start":{"line":78,"column":8},"end":{"line":78,"column":22}},"locations":[{"start":{"line":78,"column":8},"end":{"line":78,"column":22}}]},"13":{"type":"branch","line":81,"loc":{"start":{"line":81,"column":8},"end":{"line":85,"column":9}},"locations":[{"start":{"line":81,"column":8},"end":{"line":85,"column":9}}]},"14":{"type":"branch","line":97,"loc":{"start":{"line":97,"column":0},"end":{"line":99,"column":26}},"locations":[{"start":{"line":97,"column":0},"end":{"line":99,"column":26}}]},"15":{"type":"branch","line":100,"loc":{"start":{"line":100,"column":10},"end":{"line":105,"column":2}},"locations":[{"start":{"line":100,"column":10},"end":{"line":105,"column":2}}]},"16":{"type":"branch","line":102,"loc":{"start":{"line":102,"column":24},"end":{"line":104,"column":24}},"locations":[{"start":{"line":102,"column":24},"end":{"line":104,"column":24}}]},"17":{"type":"branch","line":104,"loc":{"start":{"line":104,"column":11},"end":{"line":105,"column":2}},"locations":[{"start":{"line":104,"column":11},"end":{"line":105,"column":2}}]}},"b":{"0":[17],"1":[35],"2":[7],"3":[7],"4":[7],"5":[7],"6":[7],"7":[0],"8":[7],"9":[0],"10":[1],"11":[2],"12":[0],"13":[5],"14":[5],"15":[44],"16":[0],"17":[43]},"fnMap":{"0":{"name":"InvoiceProvider","decl":{"start":{"line":14,"column":4},"end":{"line":97,"column":2}},"loc":{"start":{"line":14,"column":4},"end":{"line":97,"column":2}},"line":14},"1":{"name":"InvoiceProvider.__vite_ssr_import_0__.useReducer.users","decl":{"start":{"line":17,"column":12},"end":{"line":34,"column":22}},"loc":{"start":{"line":17,"column":12},"end":{"line":34,"column":22}},"line":17},"2":{"name":"initialLoad","decl":{"start":{"line":43,"column":8},"end":{"line":64,"column":23}},"loc":{"start":{"line":43,"column":8},"end":{"line":64,"column":23}},"line":43},"3":{"name":"addInvoice","decl":{"start":{"line":65,"column":8},"end":{"line":70,"column":22}},"loc":{"start":{"line":65,"column":8},"end":{"line":70,"column":22}},"line":65},"4":{"name":"addHourly","decl":{"start":{"line":71,"column":8},"end":{"line":75,"column":23}},"loc":{"start":{"line":71,"column":8},"end":{"line":75,"column":23}},"line":71},"5":{"name":"deleteItem","decl":{"start":{"line":75,"column":69},"end":{"line":80,"column":14}},"loc":{"start":{"line":75,"column":69},"end":{"line":80,"column":14}},"line":75},"6":{"name":"get","decl":{"start":{"line":97,"column":0},"end":{"line":99,"column":26}},"loc":{"start":{"line":97,"column":0},"end":{"line":99,"column":26}},"line":97},"7":{"name":"useInvoice","decl":{"start":{"line":100,"column":10},"end":{"line":105,"column":2}},"loc":{"start":{"line":100,"column":10},"end":{"line":105,"column":2}},"line":100}},"f":{"0":17,"1":35,"2":7,"3":1,"4":0,"5":2,"6":5,"7":44}}
,"C:\\Users\\zerog\\Desktop\\Skola\\Webb- och mobilapplikationsutveckling\\k1k2\\invoice-dashboard-main\\src\\pages\\Dashboard.tsx": {"path":"C:\\Users\\zerog\\Desktop\\Skola\\Webb- och mobilapplikationsutveckling\\k1k2\\invoice-dashboard-main\\src\\pages\\Dashboard.tsx","all":false,"statementMap":{"0":{"start":{"line":1,"column":0},"end":{"line":1,"column":42}},"1":{"start":{"line":2,"column":0},"end":{"line":2,"column":46}},"2":{"start":{"line":3,"column":0},"end":{"line":3,"column":39}},"3":{"start":{"line":4,"column":0},"end":{"line":4,"column":46}},"4":{"start":{"line":5,"column":0},"end":{"line":5,"column":54}},"5":{"start":{"line":6,"column":0},"end":{"line":6,"column":71}},"6":{"start":{"line":7,"column":0},"end":{"line":7,"column":26}},"7":{"start":{"line":8,"column":0},"end":{"line":8,"column":45}},"8":{"start":{"line":9,"column":0},"end":{"line":9,"column":0}},"9":{"start":{"line":10,"column":0},"end":{"line":10,"column":22}},"10":{"start":{"line":11,"column":0},"end":{"line":11,"column":34}},"11":{"start":{"line":12,"column":0},"end":{"line":12,"column":66}},"12":{"start":{"line":13,"column":0},"end":{"line":13,"column":0}},"13":{"start":{"line":14,"column":0},"end":{"line":14,"column":29}},"14":{"start":{"line":15,"column":0},"end":{"line":15,"column":28}},"15":{"start":{"line":16,"column":0},"end":{"line":16,"column":49}},"16":{"start":{"line":17,"column":0},"end":{"line":17,"column":41}},"17":{"start":{"line":18,"column":0},"end":{"line":18,"column":26}},"18":{"start":{"line":19,"column":0},"end":{"line":19,"column":13}},"19":{"start":{"line":20,"column":0},"end":{"line":20,"column":9}},"20":{"start":{"line":21,"column":0},"end":{"line":21,"column":30}},"21":{"start":{"line":22,"column":0},"end":{"line":22,"column":0}},"22":{"start":{"line":23,"column":0},"end":{"line":23,"column":24}},"23":{"start":{"line":24,"column":0},"end":{"line":24,"column":23}},"24":{"start":{"line":25,"column":0},"end":{"line":25,"column":29}},"25":{"start":{"line":26,"column":0},"end":{"line":26,"column":23}},"26":{"start":{"line":27,"column":0},"end":{"line":27,"column":29}},"27":{"start":{"line":28,"column":0},"end":{"line":28,"column":28}},"28":{"start":{"line":29,"column":0},"end":{"line":29,"column":44}},"29":{"start":{"line":30,"column":0},"end":{"line":30,"column":6}},"30":{"start":{"line":31,"column":0},"end":{"line":31,"column":0}},"31":{"start":{"line":32,"column":0},"end":{"line":32,"column":38}},"32":{"start":{"line":33,"column":0},"end":{"line":33,"column":16}},"33":{"start":{"line":34,"column":0},"end":{"line":34,"column":37}},"34":{"start":{"line":35,"column":0},"end":{"line":35,"column":43}},"35":{"start":{"line":36,"column":0},"end":{"line":36,"column":37}},"36":{"start":{"line":37,"column":0},"end":{"line":37,"column":43}},"37":{"start":{"line":38,"column":0},"end":{"line":38,"column":20}},"38":{"start":{"line":39,"column":0},"end":{"line":39,"column":19}},"39":{"start":{"line":40,"column":0},"end":{"line":40,"column":25}},"40":{"start":{"line":41,"column":0},"end":{"line":41,"column":48}},"41":{"start":{"line":42,"column":0},"end":{"line":42,"column":77}},"42":{"start":{"line":43,"column":0},"end":{"line":43,"column":26}},"43":{"start":{"line":44,"column":0},"end":{"line":44,"column":34}},"44":{"start":{"line":45,"column":0},"end":{"line":45,"column":41}},"45":{"start":{"line":46,"column":0},"end":{"line":46,"column":40}},"46":{"start":{"line":47,"column":0},"end":{"line":47,"column":45}},"47":{"start":{"line":48,"column":0},"end":{"line":48,"column":73}},"48":{"start":{"line":49,"column":0},"end":{"line":49,"column":68}},"49":{"start":{"line":50,"column":0},"end":{"line":50,"column":54}},"50":{"start":{"line":51,"column":0},"end":{"line":51,"column":44}},"51":{"start":{"line":52,"column":0},"end":{"line":52,"column":72}},"52":{"start":{"line":53,"column":0},"end":{"line":53,"column":68}},"53":{"start":{"line":54,"column":0},"end":{"line":54,"column":54}},"54":{"start":{"line":55,"column":0},"end":{"line":55,"column":41}},"55":{"start":{"line":56,"column":0},"end":{"line":56,"column":33}},"56":{"start":{"line":57,"column":0},"end":{"line":57,"column":52}},"57":{"start":{"line":58,"column":0},"end":{"line":58,"column":56}},"58":{"start":{"line":59,"column":0},"end":{"line":59,"column":44}},"59":{"start":{"line":60,"column":0},"end":{"line":60,"column":80}},"60":{"start":{"line":61,"column":0},"end":{"line":61,"column":38}},"61":{"start":{"line":62,"column":0},"end":{"line":62,"column":37}},"62":{"start":{"line":63,"column":0},"end":{"line":63,"column":25}},"63":{"start":{"line":64,"column":0},"end":{"line":64,"column":4
[...]
:2,"78":2,"79":2,"80":2,"81":2,"82":5,"83":5,"84":5,"85":5,"86":5,"87":5,"88":5,"89":5,"90":1},"branchMap":{"0":{"type":"branch","line":23,"loc":{"start":{"line":23,"column":12},"end":{"line":91,"column":15}},"locations":[{"start":{"line":23,"column":12},"end":{"line":91,"column":15}}]},"1":{"type":"branch","line":61,"loc":{"start":{"line":61,"column":38},"end":{"line":62,"column":17}},"locations":[{"start":{"line":61,"column":38},"end":{"line":62,"column":17}}]},"2":{"type":"branch","line":62,"loc":{"start":{"line":62,"column":16},"end":{"line":73,"column":46}},"locations":[{"start":{"line":62,"column":16},"end":{"line":73,"column":46}}]},"3":{"type":"branch","line":73,"loc":{"start":{"line":73,"column":46},"end":{"line":73,"column":71}},"locations":[{"start":{"line":73,"column":46},"end":{"line":73,"column":71}}]},"4":{"type":"branch","line":73,"loc":{"start":{"line":73,"column":60},"end":{"line":74,"column":17}},"locations":[{"start":{"line":73,"column":60},"end":{"line":74,"column":17}}]},"5":{"type":"branch","line":74,"loc":{"start":{"line":74,"column":16},"end":{"line":83,"column":13}},"locations":[{"start":{"line":74,"column":16},"end":{"line":83,"column":13}}]},"6":{"type":"branch","line":28,"loc":{"start":{"line":28,"column":15},"end":{"line":34,"column":10}},"locations":[{"start":{"line":28,"column":15},"end":{"line":34,"column":10}}]},"7":{"type":"branch","line":28,"loc":{"start":{"line":28,"column":37},"end":{"line":32,"column":21}},"locations":[{"start":{"line":28,"column":37},"end":{"line":32,"column":21}}]},"8":{"type":"branch","line":35,"loc":{"start":{"line":35,"column":14},"end":{"line":48,"column":35}},"locations":[{"start":{"line":35,"column":14},"end":{"line":48,"column":35}}]},"9":{"type":"branch","line":37,"loc":{"start":{"line":37,"column":34},"end":{"line":38,"column":34}},"locations":[{"start":{"line":37,"column":34},"end":{"line":38,"column":34}}]},"10":{"type":"branch","line":39,"loc":{"start":{"line":39,"column":16},"end":{"line":47,"column":22}},"locations":[{"start":{"line":39,"column":16},"end":{"line":47,"column":22}}]},"11":{"type":"branch","line":51,"loc":{"start":{"line":51,"column":15},"end":{"line":57,"column":34}},"locations":[{"start":{"line":51,"column":15},"end":{"line":57,"column":34}}]},"12":{"type":"branch","line":52,"loc":{"start":{"line":52,"column":41},"end":{"line":53,"column":24}},"locations":[{"start":{"line":52,"column":41},"end":{"line":53,"column":24}}]},"13":{"type":"branch","line":53,"loc":{"start":{"line":53,"column":24},"end":{"line":57,"column":22}},"locations":[{"start":{"line":53,"column":24},"end":{"line":57,"column":22}}]},"14":{"type":"branch","line":68,"loc":{"start":{"line":68,"column":24},"end":{"line":70,"column":22}},"locations":[{"start":{"line":68,"column":24},"end":{"line":70,"column":22}}]},"15":{"type":"branch","line":69,"loc":{"start":{"line":69,"column":24},"end":{"line":69,"column":43}},"locations":[{"start":{"line":69,"column":24},"end":{"line":69,"column":43}}]},"16":{"type":"branch","line":79,"loc":{"start":{"line":79,"column":37},"end":{"line":79,"column":78}},"locations":[{"start":{"line":79,"column":37},"end":{"line":79,"column":78}}]}},"b":{"0":[5],"1":[4],"2":[3],"3":[2],"4":[2],"5":[2],"6":[2],"7":[1],"8":[3],"9":[2],"10":[1],"11":[3],"12":[1],"13":[1],"14":[1],"15":[0],"16":[1]},"fnMap":{"0":{"name":"InvoiceOverview","decl":{"start":{"line":23,"column":12},"end":{"line":91,"column":15}},"loc":{"start":{"line":23,"column":12},"end":{"line":91,"column":15}},"line":23},"1":{"name":"onChange","decl":{"start":{"line":68,"column":24},"end":{"line":70,"column":22}},"loc":{"start":{"line":68,"column":24},"end":{"line":70,"column":22}},"line":68},"2":{"name":"onChange","decl":{"start":{"line":79,"column":37},"end":{"line":79,"column":78}},"loc":{"start":{"line":79,"column":37},"end":{"line":79,"column":78}},"line":79}},"f":{"0":5,"1":1,"2":1}}
,"C:\\Users\\zerog\\Desktop\\Skola\\Webb- och mobilapplikationsutveckling\\k1k2\\invoice-dashboard-main\\src\\pages\\Projects.tsx": {"path":"C:\\Users\\zerog\\Desktop\\Skola\\Webb- och mobilapplikationsutveckling\\k1k2\\invoice-dashboard-main\\src\\pages\\Projects.tsx","all":false,"statementMap":{"0":{"start":{"line":1,"column":0},"end":{"line":1,"column":53}},"1":{"start":{"line":2,"column":0},"end":{"line":2,"column":46}},"2":{"start":{"line":3,"column":0},"end":{"line":3,"column":42}},"3":{"start":{"line":4,"column":0},"end":{"line":4,"column":51}},"4":{"start":{"line":5,"column":0},"end":{"line":5,"column":0}},"5":{"start":{"line":6,"column":0},"end":{"line":6,"column":21}},"6":{"start":{"line":7,"column":0},"end":{"line":7,"column":34}},"7":{"start":{"line":8,"column":0},"end":{"line":8,"column":57}},"8":{"start":{"line":9,"column":0},"end":{"line":9,"column":0}},"9":{"start":{"line":10,"column":0},"end":{"line":10,"column":38}},"10":{"start":{"line":11,"column":0},"end":{"line":11,"column":50}},"11":{"start":{"line":12,"column":0},"end":{"line":12,"column":22}},"12":{"start":{"line":13,"column":0},"end":{"line":13,"column":24}},"13":{"start":{"line":14,"column":0},"end":{"line":14,"column":12}},"14":{"start":{"line":15,"column":0},"end":{"line":15,"column":21}},"15":{"start":{"line":16,"column":0},"end":{"line":16,"column":0}},"16":{"start":{"line":17,"column":0},"end":{"line":17,"column":42}},"17":{"start":{"line":18,"column":0},"end":{"line":18,"column":0}},"18":{"start":{"line":19,"column":0},"end":{"line":19,"column":12}},"19":{"start":{"line":20,"column":0},"end":{"line":20,"column":10}},"20":{"start":{"line":21,"column":0},"end":{"line":21,"column":49}},"21":{"start":{"line":22,"column":0},"end":{"line":22,"column":29}},"22":{"start":{"line":23,"column":0},"end":{"line":23,"column":39}},"23":{"start":{"line":24,"column":0},"end":{"line":24,"column":33}},"24":{"start":{"line":25,"column":0},"end":{"line":25,"column":42}},"25":{"start":{"line":26,"column":0},"end":{"line":26,"column":37}},"26":{"start":{"line":27,"column":0},"end":{"line":27,"column":40}},"27":{"start":{"line":28,"column":0},"end":{"line":28,"column":38}},"28":{"start":{"line":29,"column":0},"end":{"line":29,"column":62}},"29":{"start":{"line":30,"column":0},"end":{"line":30,"column":22}},"30":{"start":{"line":31,"column":0},"end":{"line":31,"column":18}},"31":{"start":{"line":32,"column":0},"end":{"line":32,"column":14}},"32":{"start":{"line":33,"column":0},"end":{"line":33,"column":55}},"33":{"start":{"line":34,"column":0},"end":{"line":34,"column":11}},"34":{"start":{"line":35,"column":0},"end":{"line":35,"column":6}},"35":{"start":{"line":36,"column":0},"end":{"line":36,"column":1}},"36":{"start":{"line":37,"column":0},"end":{"line":37,"column":24}}},"s":{"0":1,"1":1,"2":1,"3":1,"4":1,"5":1,"6":1,"7":8,"8":8,"9":8,"10":8,"11":3,"12":3,"13":3,"14":3,"15":5,"16":8,"17":8,"18":8,"19":8,"20":8,"21":8,"22":6,"23":6,"24":6,"25":6,"26":6,"27":6,"28":6,"29":2,"30":6,"31":6,"32":8,"33":8,"34":8,"35":8,"36":1},"branchMap":{"0":{"type":"branch","line":7,"loc":{"start":{"line":7,"column":4},"end":{"line":37,"column":15}},"locations":[{"start":{"line":7,"column":4},"end":{"line":37,"column":15}}]},"1":{"type":"branch","line":22,"loc":{"start":{"line":22,"column":16},"end":{"line":33,"column":13}},"locations":[{"start":{"line":22,"column":16},"end":{"line":33,"column":13}}]},"2":{"type":"branch","line":11,"loc":{"start":{"line":11,"column":15},"end":{"line":17,"column":12}},"locations":[{"start":{"line":11,"column":15},"end":{"line":17,"column":12}}]},"3":{"type":"branch","line":11,"loc":{"start":{"line":11,"column":37},"end":{"line":15,"column":21}},"locations":[{"start":{"line":11,"column":37},"end":{"line":15,"column":21}}]},"4":{"type":"branch","line":29,"loc":{"start":{"line":29,"column":24},"end":{"line":30,"column":22}},"locations":[{"start":{"line":29,"column":24},"end":{"line":30,"column":22}}]}},"b":{"0":[8],"1":[6],"2":[5],"3":[3],"4":[2]},"fnMap":{"0":{"name":"Projects","decl":{"start":{"line":7,"column":4},"end":{"line":37,"column":15}},"loc":{"start":{"line":7,"column":4},"end":{"line":37,"column":15}},"line":7},"1":{"name":"onChange","decl":{"start":{"line":29,"column":24},"end":{"line":30,"column":22}},"loc":{"start":{"line":29,"column":24},"end":{"line":30,"column":22}},"line":29}},"f":{"0":8,"1":2}}
,"C:\\Users\\zerog\\Desktop\\Skola\\Webb- och mobilapplikationsutveckling\\k1k2\\invoice-dashboard-main\\src\\pages\\Tasks.tsx": {"path":"C:\\Users\\zerog\\Desktop\\Skola\\Webb- och mobilapplikationsutveckling\\k1k2\\invoice-dashboard-main\\src\\pages\\Tasks.tsx","all":false,"statementMap":{"0":{"start":{"line":1,"column":0},"end":{"line":1,"column":45}},"1":{"start":{"line":2,"column":0},"end":{"line":2,"column":46}},"2":{"start":{"line":3,"column":0},"end":{"line":3,"column":42}},"3":{"start":{"line":4,"column":0},"end":{"line":4,"column":45}},"4":{"start":{"line":5,"column":0},"end":{"line":5,"column":0}},"5":{"start":{"line":6,"column":0},"end":{"line":6,"column":18}},"6":{"start":{"line":7,"column":0},"end":{"line":7,"column":34}},"7":{"start":{"line":8,"column":0},"end":{"line":8,"column":63}},"8":{"start":{"line":9,"column":0},"end":{"line":9,"column":0}},"9":{"start":{"line":10,"column":0},"end":{"line":10,"column":41}},"10":{"start":{"line":11,"column":0},"end":{"line":11,"column":53}},"11":{"start":{"line":12,"column":0},"end":{"line":12,"column":22}},"12":{"start":{"line":13,"column":0},"end":{"line":13,"column":24}},"13":{"start":{"line":14,"column":0},"end":{"line":14,"column":12}},"14":{"start":{"line":15,"column":0},"end":{"line":15,"column":24}},"15":{"start":{"line":16,"column":0},"end":{"line":16,"column":0}},"16":{"start":{"line":17,"column":0},"end":{"line":17,"column":12}},"17":{"start":{"line":18,"column":0},"end":{"line":18,"column":10}},"18":{"start":{"line":19,"column":0},"end":{"line":19,"column":55}},"19":{"start":{"line":20,"column":0},"end":{"line":20,"column":29}},"20":{"start":{"line":21,"column":0},"end":{"line":21,"column":35}},"21":{"start":{"line":22,"column":0},"end":{"line":22,"column":42}},"22":{"start":{"line":23,"column":0},"end":{"line":23,"column":40}},"23":{"start":{"line":24,"column":0},"end":{"line":24,"column":43}},"24":{"start":{"line":25,"column":0},"end":{"line":25,"column":38}},"25":{"start":{"line":26,"column":0},"end":{"line":26,"column":65}},"26":{"start":{"line":27,"column":0},"end":{"line":27,"column":22}},"27":{"start":{"line":28,"column":0},"end":{"line":28,"column":18}},"28":{"start":{"line":29,"column":0},"end":{"line":29,"column":14}},"29":{"start":{"line":30,"column":0},"end":{"line":30,"column":0}},"30":{"start":{"line":31,"column":0},"end":{"line":31,"column":58}},"31":{"start":{"line":32,"column":0},"end":{"line":32,"column":11}},"32":{"start":{"line":33,"column":0},"end":{"line":33,"column":6}},"33":{"start":{"line":34,"column":0},"end":{"line":34,"column":1}},"34":{"start":{"line":35,"column":0},"end":{"line":35,"column":21}}},"s":{"0":1,"1":1,"2":1,"3":1,"4":1,"5":1,"6":1,"7":8,"8":8,"9":8,"10":8,"11":3,"12":3,"13":3,"14":5,"15":5,"16":5,"17":8,"18":8,"19":8,"20":6,"21":6,"22":6,"23":6,"24":6,"25":6,"26":2,"27":6,"28":6,"29":6,"30":8,"31":8,"32":8,"33":8,"34":1},"branchMap":{"0":{"type":"branch","line":7,"loc":{"start":{"line":7,"column":4},"end":{"line":35,"column":15}},"locations":[{"start":{"line":7,"column":4},"end":{"line":35,"column":15}}]},"1":{"type":"branch","line":20,"loc":{"start":{"line":20,"column":16},"end":{"line":31,"column":13}},"locations":[{"start":{"line":20,"column":16},"end":{"line":31,"column":13}}]},"2":{"type":"branch","line":11,"loc":{"start":{"line":11,"column":15},"end":{"line":17,"column":12}},"locations":[{"start":{"line":11,"column":15},"end":{"line":17,"column":12}}]},"3":{"type":"branch","line":11,"loc":{"start":{"line":11,"column":40},"end":{"line":15,"column":21}},"locations":[{"start":{"line":11,"column":40},"end":{"line":15,"column":21}}]},"4":{"type":"branch","line":26,"loc":{"start":{"line":26,"column":24},"end":{"line":27,"column":22}},"locations":[{"start":{"line":26,"column":24},"end":{"line":27,"column":22}}]}},"b":{"0":[8],"1":[6],"2":[5],"3":[3],"4":[2]},"fnMap":{"0":{"name":"Tasks","decl":{"start":{"line":7,"column":4},"end":{"line":35,"column":15}},"loc":{"start":{"line":7,"column":4},"end":{"line":35,"column":15}},"line":7},"1":{"name":"onChange","decl":{"start":{"line":26,"column":24},"end":{"line":27,"column":22}},"loc":{"start":{"line":26,"column":24},"end":{"line":27,"column":22}},"line":26}},"f":{"0":8,"1":2}}
,"C:\\Users\\zerog\\Desktop\\Skola\\Webb- och mobilapplikationsutveckling\\k1k2\\invoice-dashboard-main\\src\\pages\\Timelogs.tsx": {"path":"C:\\Users\\zerog\\Desktop\\Skola\\Webb- och mobilapplikationsutveckling\\k1k2\\invoice-dashboard-main\\src\\pages\\Timelogs.tsx","all":false,"statementMap":{"0":{"start":{"line":1,"column":0},"end":{"line":1,"column":46}},"1":{"start":{"line":2,"column":0},"end":{"line":2,"column":50}},"2":{"start":{"line":3,"column":0},"end":{"line":3,"column":26}},"3":{"start":{"line":4,"column":0},"end":{"line":4,"column":63}},"4":{"start":{"line":5,"column":0},"end":{"line":5,"column":45}},"5":{"start":{"line":6,"column":0},"end":{"line":6,"column":0}},"6":{"start":{"line":7,"column":0},"end":{"line":7,"column":32}},"7":{"start":{"line":8,"column":0},"end":{"line":8,"column":23}},"8":{"start":{"line":9,"column":0},"end":{"line":9,"column":0}},"9":{"start":{"line":10,"column":0},"end":{"line":10,"column":24}},"10":{"start":{"line":11,"column":0},"end":{"line":11,"column":46}},"11":{"start":{"line":12,"column":0},"end":{"line":12,"column":0}},"12":{"start":{"line":13,"column":0},"end":{"line":13,"column":42}},"13":{"start":{"line":14,"column":0},"end":{"line":14,"column":35}},"14":{"start":{"line":15,"column":0},"end":{"line":15,"column":6}},"15":{"start":{"line":16,"column":0},"end":{"line":16,"column":0}},"16":{"start":{"line":17,"column":0},"end":{"line":17,"column":43}},"17":{"start":{"line":18,"column":0},"end":{"line":18,"column":17}},"18":{"start":{"line":19,"column":0},"end":{"line":19,"column":45}},"19":{"start":{"line":20,"column":0},"end":{"line":20,"column":40}},"20":{"start":{"line":21,"column":0},"end":{"line":21,"column":26}},"21":{"start":{"line":22,"column":0},"end":{"line":22,"column":16}},"22":{"start":{"line":23,"column":0},"end":{"line":23,"column":80}},"23":{"start":{"line":24,"column":0},"end":{"line":24,"column":6}},"24":{"start":{"line":25,"column":0},"end":{"line":25,"column":0}},"25":{"start":{"line":26,"column":0},"end":{"line":26,"column":12}},"26":{"start":{"line":27,"column":0},"end":{"line":27,"column":10}},"27":{"start":{"line":28,"column":0},"end":{"line":28,"column":23}},"28":{"start":{"line":29,"column":0},"end":{"line":29,"column":54}},"29":{"start":{"line":30,"column":0},"end":{"line":30,"column":68}},"30":{"start":{"line":31,"column":0},"end":{"line":31,"column":0}},"31":{"start":{"line":32,"column":0},"end":{"line":32,"column":50}},"32":{"start":{"line":33,"column":0},"end":{"line":33,"column":55}},"33":{"start":{"line":34,"column":0},"end":{"line":34,"column":31}},"34":{"start":{"line":35,"column":0},"end":{"line":35,"column":38}},"35":{"start":{"line":36,"column":0},"end":{"line":36,"column":79}},"36":{"start":{"line":37,"column":0},"end":{"line":37,"column":56}},"37":{"start":{"line":38,"column":0},"end":{"line":38,"column":32}},"38":{"start":{"line":39,"column":0},"end":{"line":39,"column":44}},"39":{"start":{"line":40,"column":0},"end":{"line":40,"column":74}},"40":{"start":{"line":41,"column":0},"end":{"line":41,"column":38}},"41":{"start":{"line":42,"column":0},"end":{"line":42,"column":37}},"42":{"start":{"line":43,"column":0},"end":{"line":43,"column":42}},"43":{"start":{"line":44,"column":0},"end":{"line":44,"column":23}},"44":{"start":{"line":45,"column":0},"end":{"line":45,"column":33}},"45":{"start":{"line":46,"column":0},"end":{"line":46,"column":24}},"46":{"start":{"line":47,"column":0},"end":{"line":47,"column":23}},"47":{"start":{"line":48,"column":0},"end":{"line":48,"column":54}},"48":{"start":{"line":49,"column":0},"end":{"line":49,"column":39}},"49":{"start":{"line":50,"column":0},"end":{"line":50,"column":46}},"50":{"start":{"line":51,"column":0},"end":{"line":51,"column":77}},"51":{"start":{"line":52,"column":0},"end":{"line":52,"column":40}},"52":{"start":{"line":53,"column":0},"end":{"line":53,"column":0}},"53":{"start":{"line":54,"column":0},"end":{"line":54,"column":46}},"54":{"start":{"line":55,"column":0},"end":{"line":55,"column":55}},"55":{"start":{"line":56,"column":0},"end":{"line":56,"column":31}},"56":{"start":{"line":57,"column":0},"end":{"line":57,"column":38}},"57":{"start":{"line":58,"column":0},"end":{"line":58,"column":79}},"58":{"start":{"line":59,"column":0},"end":{"line":59,"column":56}},"59":{"start":{"line":60,"column":0},"end":{"line":60,"column":32}},"60":{"start":{"line":61,"column":0},"end":{"line":61,"column":31}},"61":{"start":{"line":62,"column":0},"end":{"line":62,"column":63}},"62":{"start":{"line":63,"column":0},"end":{"line":63,"column":57}},"63":{"start":{"line":64,"column":0},"end":{"line":64,"column":34}},"64":{"start":{"line":65,"column":0},"end":{"line":65,"column":32}},"65":{"start":{"line":66,"column":0},"end":{"line":66,"column":31}},"66":{"start":{"line":67,"column":0},"end":{"line":67,"column":62}},"67":{"start":{"line":68,"column":0},"end":{"line":68,"column":57}},"68":{"start":{"line":69,"column":0},"end":{"line":69,"column":34}},"69":{"start":{"line":70,"column":0},"end":{"line":70,"column":32}},"70":{"start":{"line":71,"column":0},"end":{"line":71,"column":44}},"71":{"start":{"line":72,"column":0},"end":{"line":72,"column":74}},"72":{"start":{"line":73,"column":0},"end":{"line":73,"column":38}},"73":{"start":{"line":74,"column":0},"end":{"line":74,"column":37}},"74":{"start":{"line":75,"column":0},"end":{"line":75,"column":42}},"75":{"start":{"line":76,"column":0},"end":{"line":76,"column":23}},"76":{"start":{"line":77,"column":0},"end":{"line":77,"column":33}},"77":{"start":{"line":78,"column":0},"end":{"line":78,"column":24}},"78":{"start":{"line":79,"column":0},"end":{"line":79,"column":11}},"79":{"start":{"line":80,"column":0},"end":{"line":80,"column":6}},"80":{"start":{"line":81,"column":0},"end":{"line":81,"column":2}},"81":{"start":{"line":82,"column":0},"end":{"line":82,"column":0}},"82":{"start":{"line":83,"column":0},"end":{"line":83,"column":24}}},"s":{"0":1,"1":1,"2":1,"3":1,"4":1,"5":1,"6":1,"7":1,"8":1,"9":1,"10":1,"11":0,"12":0,"13":0,"14":0,"15":0,"16":0,"17":0,"18":0,"19":0,"20":0,"21":0,"22":0,"23":0,"24":0,"25":0,"26":0,"27":0,"28":0,"29":0,"30":0,"31":0,"32":0,"33":0,"34":0,"35":0,"36":0,"37":0,"38":0,"39":0,"40":0,"41":0,"42":0,"43":0,"44":0,"45":0,"46":0,"47":0,"48":0,"49":0,"50":0,"51":0,"52":0,"53":0,"54":0,"55":0,"56":0,"57":0,"58":0,"59":0,"60":0,"61":0,"62":0,"63":0,"64":0,"65":0,"66":0,"67":0,"68":0,"69":0,"70":0,"71":0,"72":0,"73":0,"74":0,"75":0,"76":0,"77":0,"78":0,"79":0,"80":0,"81":0,"82":1},"branchMap":{},"b":{},"fnMap":{"0":{"name":"Timelogs","decl":{"start":{"line":11,"column":12},"end":{"line":83,"column":15}},"loc":{"start":{"line":11,"column":12},"end":{"line":83,"column":15}},"line":11}},"f":{"0":0}}
,"C:\\Users\\zerog\\Desktop\\Skola\\Webb- och mobilapplikationsutveckling\\k1k2\\invoice-dashboard-main\\src\\pages\\index.ts": {"path":"C:\\Users\\zerog\\Desktop\\Skola\\Webb- och mobilapplikationsutveckling\\k1k2\\invoice-dashboard-main\\src\\pages\\index.ts","all":false,"statementMap":{"0":{"start":{"line":1,"column":0},"end":{"line":1,"column":36}},"1":{"start":{"line":2,"column":0},"end":{"line":2,"column":34}},"2":{"start":{"line":3,"column":0},"end":{"line":3,"column":28}},"3":{"start":{"line":4,"column":0},"end":{"line":4,"column":34}},"4":{"start":{"line":5,"column":0},"end":{"line":5,"column":48}},"5":{"start":{"line":6,"column":0},"end":{"line":6,"column":32}},"6":{"start":{"line":7,"column":0},"end":{"line":7,"column":74}}},"s":{"0":1,"1":1,"2":1,"3":1,"4":1,"5":1,"6":1},"branchMap":{},"b":{},"fnMap":{},"f":{}}
}
